1537942723110	geckodriver	INFO	geckodriver 0.21.0
1537942723150	geckodriver	INFO	Listening on 127.0.0.1:54985
1537942726185	mozrunner::runner	INFO	Running command: "C:\\Program Files\\Mozilla Firefox\\firefox.exe" "-marionette" "-foreground" "-no-remote" "-profile" "C:\\Users\\YANXIA~1\\AppData\\Local\\Temp\\rust_mozprofile.Fx3MyuCAqg0u"
Unable to read VR Path Registry from C:\Users\yanxianhuiclearbos\AppData\Local\openvr\openvrpaths.vrpath
Unable to read VR Path Registry from C:\Users\yanxianhuiclearbos\AppData\Local\openvr\openvrpaths.vrpath
Unable to read VR Path Registry from C:\Users\yanxianhuiclearbos\AppData\Local\openvr\openvrpaths.vrpath
Unable to read VR Path Registry from C:\Users\yanxianhuiclearbos\AppData\Local\openvr\openvrpaths.vrpath
Unable to read VR Path Registry from C:\Users\yanxianhuiclearbos\AppData\Local\openvr\openvrpaths.vrpath
1537942730754	Marionette	INFO	Listening on port 54999
1537942730778	Marionette	WARN	TLS certificate errors will be ignored for this session
[Parent 21336, Gecko_IOThread] WARNING: pipe error: 109: file z:/build/build/src/ipc/chromium/src/chrome/common/ipc_channel_win.cc, line 346
[Child 16360, Chrome_ChildThread] WARNING: pipe error: 109: file z:/build/build/src/ipc/chromium/src/chrome/common/ipc_channel_win.cc, line 346
[Child 16360[Parent 21336, Gecko_IOThread] WARNING: pipe error: 109: file z:/build/build/src/ipc/chromium/src/chrome/common/ipc_channel_win.cc, line 346
[Child 19228, Chrome_ChildThread] WARNING: pipe error: 109: file z:/build/build/src/ipc/chromium/src/chrome/common/ipc_channel_win.cc, line 346
[Chil*** UTM:SVC TimerManager:registerTimer called after profile-before-change notification. Ignoring timer registration for id: telemetry_modules_ping
[GPU
###!!! [Child][MessageChannel::SendAndWait] Error: Channel error: cannot send/recv

1537945873597	geckodriver	INFO	geckodriver 0.21.0
1537945873610	geckodriver	INFO	Listening on 127.0.0.1:60190
1537945876649	mozrunner::runner	INFO	Running command: "C:\\Program Files\\Mozilla Firefox\\firefox.exe" "-marionette" "-foreground" "-no-remote" "-profile" "C:\\Users\\YANXIA~1\\AppData\\Local\\Temp\\rust_mozprofile.JJdO2x6TFWn9"
Unable to read VR Path Registry from C:\Users\yanxianhuiclearbos\AppData\Local\openvr\openvrpaths.vrpath
Unable to read VR Path Registry from C:\Users\yanxianhuiclearbos\AppData\Local\openvr\openvrpaths.vrpath
Unable to read VR Path Registry from C:\Users\yanxianhuiclearbos\AppData\Local\openvr\openvrpaths.vrpath
Unable to read VR Path Registry from C:\Users\yanxianhuiclearbos\AppData\Local\openvr\openvrpaths.vrpath
Unable to read VR Path Registry from C:\Users\yanxianhuiclearbos\AppData\Local\openvr\openvrpaths.vrpath
1537945879791	Marionette	INFO	Listening on port 60202
1537945879902	Marionette	WARN	TLS certificate errors will be ignored for this session
[Parent 3284, Gecko_IOThread] WARNING: pipe error: 109: file z:/build/build/src/ipc/chromium/src/chrome/common/ipc_channel_win.cc, line 346
[Child 1092, Chrome_ChildThread] WARNING: pipe error: 109: file z:/build/build/src/ipc/chromium/src/chrome/common/ipc_channel_win.cc, line 346

###!!! [Child][RunMessage] Error: Channel closing: too late to send/recv, messages will be lost

[Chi[Parent 3284, Gecko_IOThread] WARNING: pipe error: 109: file z:/build/build/src/ipc/chromium/src/chrome/common/ipc_channel_win.cc, line 346
*** UTM:SVC TimerManager:registerTimer called after profile-before-change notification. Ignoring timer registration for id: telemetry_modules_ping
[GPU
###!!! [Child][MessageChannel::SendAndWait] Error: Channel error: cannot send/recv

1537945960145	geckodriver	INFO	geckodriver 0.21.0
1537945960157	geckodriver	INFO	Listening on 127.0.0.1:60360
1537945963210	mozrunner::runner	INFO	Running command: "C:\\Program Files\\Mozilla Firefox\\firefox.exe" "-marionette" "-foreground" "-no-remote" "-profile" "C:\\Users\\YANXIA~1\\AppData\\Local\\Temp\\rust_mozprofile.UG0ALKs7UvH8"
Unable to read VR Path Registry from C:\Users\yanxianhuiclearbos\AppData\Local\openvr\openvrpaths.vrpath
Unable to read VR Path Registry from C:\Users\yanxianhuiclearbos\AppData\Local\openvr\openvrpaths.vrpath
Unable to read VR Path Registry from C:\Users\yanxianhuiclearbos\AppData\Local\openvr\openvrpaths.vrpath
Unable to read VR Path Registry from C:\Users\yanxianhuiclearbos\AppData\Local\openvr\openvrpaths.vrpath
Unable to read VR Path Registry from C:\Users\yanxianhuiclearbos\AppData\Local\openvr\openvrpaths.vrpath
1537945965938	Marionette	INFO	Listening on port 60372
1537945965982	Marionette	WARN	TLS certificate errors will be ignored for this session
IPDL protocol error: Handler returned error code!

###!!! [Parent][DispatchAsyncMessage] Error: PLayerTransaction::Msg_ReleaseLayer Processing error: message was deserialized, but the handler returned false (indicating failure)

[Parent 15744, Gecko_IOThread] WARNING: pipe error: 109: file z:/build/build/src/ipc/chromium/src/chrome/common/ipc_channel_win.cc, line 346
[Child 17724, Chrome_ChildThread] WARNING: pipe error: 109: file z:/build/build/src/ipc/chromium/src/chrome/common/ipc_channel_win.cc, line 346
[Child[Parent 15744, Gecko_IOThread] WARNING: pipe error: 109: file z:/build/build/src/ipc/chromium/src/chrome/common/ipc_channel_win.cc, line 346
[Child 16392, Chrome_ChildThread] WARNING: pipe error: 109: file z:/build/build/src/ipc/chromium/src/chrome/common/ipc_channel_win.cc, line 346
[Chil*** UTM:SVC TimerManager:registerTimer called after profile-before-change notification. Ignoring timer registration for id: telemetry_modules_ping
[GPU 
###!!! [Child][MessageChannel::SendAndWait] Error: Channel error: cannot send/recv

1537946015852	geckodriver	INFO	geckodriver 0.21.0
1537946015865	geckodriver	INFO	Listening on 127.0.0.1:60479
1537946018918	mozrunner::runner	INFO	Running command: "C:\\Program Files\\Mozilla Firefox\\firefox.exe" "-marionette" "-foreground" "-no-remote" "-profile" "C:\\Users\\YANXIA~1\\AppData\\Local\\Temp\\rust_mozprofile.RWXaQDujsFDG"
Unable to read VR Path Registry from C:\Users\yanxianhuiclearbos\AppData\Local\openvr\openvrpaths.vrpath
Unable to read VR Path Registry from C:\Users\yanxianhuiclearbos\AppData\Local\openvr\openvrpaths.vrpath
Unable to read VR Path Registry from C:\Users\yanxianhuiclearbos\AppData\Local\openvr\openvrpaths.vrpath
Unable to read VR Path Registry from C:\Users\yanxianhuiclearbos\AppData\Local\openvr\openvrpaths.vrpath
Unable to read VR Path Registry from C:\Users\yanxianhuiclearbos\AppData\Local\openvr\openvrpaths.vrpath
1537946021621	Marionette	INFO	Listening on port 60491
1537946021680	Marionette	WARN	TLS certificate errors will be ignored for this session
[Parent 5368, Gecko_IOThread] WARNING: pipe error: 109: file z:/build/build/src/ipc/chromium/src/chrome/common/ipc_channel_win.cc, line 346
[Parent 5368, Gecko_IOThread] WARNING: pipe error: 109: file z:/build/build/src/ipc/chromium/src/chrome/common/ipc_channel_win.cc, line 346
[Child 19504, Chrome_ChildThread] WARNING: pipe error: 109: file z:/build/build/src/ipc/chromium/src/chrome/common/ipc_channel_win.cc, line 346
[Child 19504, Chrome_ChildThread] WARNING:[Parent 5368, Gecko_IOThread] WARNING: pipe error: 109: file z:/build/build/src/ipc/chromium/src/chrome/common/ipc_channel_win.cc, line 346
[Child 2400, Chrome_ChildThread] WARNING: pipe error: 109: file z:/build/build/src/ipc/chromium/src/chrome/common/ipc_channel_win.cc, line 346
[Child 2400, Chrome_Child*** UTM:SVC TimerManager:registerTimer called after profile-before-change notification. Ignoring timer registration for id: telemetry_modules_ping
[GPU
###!!! [Child][MessageChannel::SendAndWait] Error: Channel error: cannot send/recv

1537946222867	geckodriver	INFO	geckodriver 0.21.0
1537946222879	geckodriver	INFO	Listening on 127.0.0.1:60854
1537946225946	mozrunner::runner	INFO	Running command: "C:\\Program Files\\Mozilla Firefox\\firefox.exe" "-marionette" "-foreground" "-no-remote" "-profile" "C:\\Users\\YANXIA~1\\AppData\\Local\\Temp\\rust_mozprofile.J4duTyBfNde3"
Unable to read VR Path Registry from C:\Users\yanxianhuiclearbos\AppData\Local\openvr\openvrpaths.vrpath
Unable to read VR Path Registry from C:\Users\yanxianhuiclearbos\AppData\Local\openvr\openvrpaths.vrpath
Unable to read VR Path Registry from C:\Users\yanxianhuiclearbos\AppData\Local\openvr\openvrpaths.vrpath
Unable to read VR Path Registry from C:\Users\yanxianhuiclearbos\AppData\Local\openvr\openvrpaths.vrpath
Unable to read VR Path Registry from C:\Users\yanxianhuiclearbos\AppData\Local\openvr\openvrpaths.vrpath
1537946228730	Marionette	INFO	Listening on port 60869
1537946229213	Marionette	WARN	TLS certificate errors will be ignored for this session
[Parent 21068, Gecko_IOThread] WARNING: pipe error: 109: file z:/build/build/src/ipc/chromium/src/chrome/common/ipc_channel_win.cc, line 346
[Parent 21068, Gecko_IOThread] WARNING: pipe error: 109: file z:/build/build/src/ipc/chromium/src/chrome/common/ipc_channel_win.cc, line 346
[Child 13600, Chrome_ChildThread] WARNING: pipe error: 109: file z:/build/build/src/ipc/chromium/src/chrome/common/ipc_channel_win.cc, line 346
[Child 13600, Chrome_ChildThread] WARNING: p[Parent 21068, Gecko_IOThread] WARNING: pipe error: 109: file z:/build/build/src/ipc/chromium/src/chrome/common/ipc_channel_win.cc, line 346
[Child 21480, Chrome_ChildThread] WARNING: pipe error: 109: file z:/build/build/src/ipc/chromium/src/chrome/common/ipc_channel_win.cc, line 346
*** UTM:SVC TimerManager:registerTimer called after profile-before-change notification. Ignoring timer registration for id: telemetry_modules_ping
[GP
###!!! [Child][MessageChannel::SendAndWait] Error: Channel error: cannot send/recv

1538042911272	geckodriver	INFO	geckodriver 0.21.0
1538042911298	geckodriver	INFO	Listening on 127.0.0.1:57886
1538042914362	mozrunner::runner	INFO	Running command: "C:\\Program Files\\Mozilla Firefox\\firefox.exe" "-marionette" "-foreground" "-no-remote" "-profile" "C:\\Users\\YANXIA~1\\AppData\\Local\\Temp\\rust_mozprofile.GFtQXxCy6PAV"
Unable to read VR Path Registry from C:\Users\yanxianhuiclearbos\AppData\Local\openvr\openvrpaths.vrpath
Unable to read VR Path Registry from C:\Users\yanxianhuiclearbos\AppData\Local\openvr\openvrpaths.vrpath
Unable to read VR Path Registry from C:\Users\yanxianhuiclearbos\AppData\Local\openvr\openvrpaths.vrpath
Unable to read VR Path Registry from C:\Users\yanxianhuiclearbos\AppData\Local\openvr\openvrpaths.vrpath
Unable to read VR Path Registry from C:\Users\yanxianhuiclearbos\AppData\Local\openvr\openvrpaths.vrpath
1538042917836	Marionette	INFO	Listening on port 57902
1538042917869	Marionette	WARN	TLS certificate errors will be ignored for this session
[Parent 22556, Gecko_IOThread] WARNING: pipe error: 109: file z:/build/build/src/ipc/chromium/src/chrome/common/ipc_channel_win.cc, line 346
[Parent 22556, Gecko_IOThread] WARNING: pipe error: 109: file z:/build/build/src/ipc/chromium/src/chrome/common/ipc_channel_win.cc, line 346
[Child 21760, Chrome_ChildThread] WARNING: pipe error: 109: file z:/build/build/src/ipc/chromium/src/chrome/common/ipc_channel_win.cc, line 346
[Child 21760, Chrome_ChildThread] WARNING: pipe error: 109: file z:/build/build/src/ipc/chromium/[Parent 22556, Gecko_IOThread] WARNING: pipe error: 109: file z:/build/build/src/ipc/chromium/src/chrome/common/ipc_channel_win.cc, line 346
*** UTM:SVC TimerManager:registerTimer called after profile-before-change notification. Ignoring timer registration for id: telemetry_modules_ping
[GP
###!!! [Child][MessageChannel::SendAndWait] Error: Channel error: cannot send/recv

1538115754339	geckodriver	INFO	geckodriver 0.21.0
1538115754369	geckodriver	INFO	Listening on 127.0.0.1:52698
1538115757437	mozrunner::runner	INFO	Running command: "C:\\Program Files\\Mozilla Firefox\\firefox.exe" "-marionette" "-foreground" "-no-remote" "-profile" "C:\\Users\\YANXIA~1\\AppData\\Local\\Temp\\rust_mozprofile.c1OcnBUK17TD"
Unable to read VR Path Registry from C:\Users\yanxianhuiclearbos\AppData\Local\openvr\openvrpaths.vrpath
Unable to read VR Path Registry from C:\Users\yanxianhuiclearbos\AppData\Local\openvr\openvrpaths.vrpath
Unable to read VR Path Registry from C:\Users\yanxianhuiclearbos\AppData\Local\openvr\openvrpaths.vrpath
Unable to read VR Path Registry from C:\Users\yanxianhuiclearbos\AppData\Local\openvr\openvrpaths.vrpath
Unable to read VR Path Registry from C:\Users\yanxianhuiclearbos\AppData\Local\openvr\openvrpaths.vrpath
1538115760878	Marionette	INFO	Listening on port 52710
1538115760964	Marionette	WARN	TLS certificate errors will be ignored for this session
[Parent 22316, Gecko_IOThread] WARNING: pipe error: 109: file z:/build/build/src/ipc/chromium/src/chrome/common/ipc_channel_win.cc, line 346
[Parent 22316, Gecko_IOThread] WARNING: pipe error: 109: file z:/build/build/src/ipc/chromium/src/chrome/common/ipc_channel_win.cc, line 346
[Child 6836, Chrome_ChildThread] WARNING: pipe error: 109: file z:/build/build/src/ipc/chromium/src/chrome/common/ipc_channel_win.cc, line 346
[Child 6836[Child 3864, Chrome_ChildThread] WARNING: pipe error: 109: file z:/build/build/src/ipc/chromium/src/chrome/common/ipc_channel_win.cc, line 346
[Child 3864,[Parent 22316, Gecko_IOThread] WARNING: pipe error: 109: file z:/build/build/src/ipc/chromium/src/chrome/common/ipc_channel_win.cc, line 346
[Child 13460, Chrome_ChildThread] WARNING: pipe error: 109: file z:/build/build/src/ipc/chromium/src/chrome/common/ipc_channel_win.cc, line 346
[Child 1*** UTM:SVC TimerManager:registerTimer called after profile-before-change notification. Ignoring timer registration for id: telemetry_modules_ping
[GPU
###!!! [Child][MessageChannel::SendAndWait] Error: Channel error: cannot send/recv

1538124777713	geckodriver	INFO	geckodriver 0.21.0
1538124777745	geckodriver	INFO	Listening on 127.0.0.1:52939
1538124780827	mozrunner::runner	INFO	Running command: "C:\\Program Files\\Mozilla Firefox\\firefox.exe" "-marionette" "-foreground" "-no-remote" "-profile" "C:\\Users\\YANXIA~1\\AppData\\Local\\Temp\\rust_mozprofile.tKjREhbo5oJK"
Unable to read VR Path Registry from C:\Users\yanxianhuiclearbos\AppData\Local\openvr\openvrpaths.vrpath
Unable to read VR Path Registry from C:\Users\yanxianhuiclearbos\AppData\Local\openvr\openvrpaths.vrpath
Unable to read VR Path Registry from C:\Users\yanxianhuiclearbos\AppData\Local\openvr\openvrpaths.vrpath
Unable to read VR Path Registry from C:\Users\yanxianhuiclearbos\AppData\Local\openvr\openvrpaths.vrpath
Unable to read VR Path Registry from C:\Users\yanxianhuiclearbos\AppData\Local\openvr\openvrpaths.vrpath
1538124784214	Marionette	INFO	Listening on port 52951
1538124784271	Marionette	WARN	TLS certificate errors will be ignored for this session
[Parent 23272, Gecko_IOThread] WARNING: pipe error: 109: file z:/build/build/src/ipc/chromium/src/chrome/common/ipc_channel_win.cc, line 346
[Parent 23272, Gecko_IOThread] WARNING: pipe error: 109: file z:/build/build/src/ipc/chromium/src/chrome/common/ipc_channel_win.cc, line 346
[Child 23172, Chrome_ChildThread] WARNING: pipe error: 109: file z:/b[uild/build/src/ipc/chromium/src/chrome/common/ipc_channel_wiCn.cc, line 346hild 21172, Chrome_ChildThread] WARNING: pipe error: 109: file z:/build
/build/src/ipc/chromium/src/chrome/common/ipc_channel_win.cc, line 346
[Child[Parent 23272, Gecko_IOThread] WARNING: pipe error: 109: file z:/build/build/src/ipc/chromium/src/chrome/common/ipc_channel_win.cc, line 346
[GPU 
###!!! [Child][MessageChannel::SendAndWait] Error: Channel error: cannot send/recv

1538125060033	geckodriver	INFO	geckodriver 0.21.0
1538125060045	geckodriver	INFO	Listening on 127.0.0.1:53412
1538125063113	mozrunner::runner	INFO	Running command: "C:\\Program Files\\Mozilla Firefox\\firefox.exe" "-marionette" "-foreground" "-no-remote" "-profile" "C:\\Users\\YANXIA~1\\AppData\\Local\\Temp\\rust_mozprofile.zMtGuMf2dK6u"
Unable to read VR Path Registry from C:\Users\yanxianhuiclearbos\AppData\Local\openvr\openvrpaths.vrpath
Unable to read VR Path Registry from C:\Users\yanxianhuiclearbos\AppData\Local\openvr\openvrpaths.vrpath
Unable to read VR Path Registry from C:\Users\yanxianhuiclearbos\AppData\Local\openvr\openvrpaths.vrpath
Unable to read VR Path Registry from C:\Users\yanxianhuiclearbos\AppData\Local\openvr\openvrpaths.vrpath
Unable to read VR Path Registry from C:\Users\yanxianhuiclearbos\AppData\Local\openvr\openvrpaths.vrpath
1538125065710	Marionette	INFO	Listening on port 53425
1538125065872	Marionette	WARN	TLS certificate errors will be ignored for this session
[Parent 7260, Gecko_IOThread] WARNING: pipe error: 109: file z:/build/build/src/ipc/chromium/src/chrome/common/ipc_channel_win.cc, line 346
[Parent 7260, Gecko_IOThread] WARNING: pipe error: 109: file z:/build/build/src/ipc/chromium/src/chrome/common/ipc_channel_win.cc, line 346
[Parent 7260, Gecko_IOThread] WARNING: pipe error: 109: file z:/build/build/src/ipc/chromium/src/chrome/common/ipc_channel_win.cc, line 346
[Child 6104, Chrome_ChildThread] WARNING: pipe error: 109: file z:/build/build/src/ipc/chromium/src/chrome/common/ipc_channel_win.cc, line 346
[Child 6104, C*** UTM:SVC TimerManager:registerTimer called after profile-before-change notification. Ignoring timer registration for id: telemetry_modules_ping
[GPU
###!!! [Child][MessageChannel::SendAndWait] Error: Channel error: cannot send/recv

