2018-09-29 09:03:10,697 find_element.py--> get_element 20: INFO ----->定位方式:xpath--->定位值://div[@class="login"]/div[2]/input
2018-09-29 09:03:10,805 find_element.py--> get_element 20: INFO ----->定位方式:xpath--->定位值://div[@class="login"]/div[3]/input
2018-09-29 09:03:10,919 find_element.py--> get_element 20: INFO ----->定位方式:xpath--->定位值://div[@class="login"]/div[5]
2018-09-29 09:03:15,003 find_element.py--> get_element 20: INFO ----->定位方式:xpath--->定位值://div[@class="search"]/button[2]
2018-09-29 09:03:17,061 find_element.py--> get_element 20: INFO ----->定位方式:xpath--->定位值://ul[@class="addUser"]/li[1]/input
2018-09-29 09:03:17,120 find_element.py--> get_element 20: INFO ----->定位方式:xpath--->定位值://ul[@class="addUser"]/li[2]/div/span[2]
2018-09-29 09:03:17,192 find_element.py--> get_element 20: INFO ----->定位方式:xpath--->定位值://ul[@class="addUser"]/li[3]/div/input
2018-09-29 09:03:17,300 find_element.py--> get_element 20: INFO ----->定位方式:xpath--->定位值://ul[@class="addUser"]/li[4]/input
2018-09-29 09:03:17,392 find_element.py--> get_element 20: INFO ----->定位方式:xpath--->定位值://div[@id="info"]/following-sibling::div/button[2]
2018-09-29 09:03:20,455 find_element.py--> get_element 20: INFO ----->定位方式:xpath--->定位值://div[@class="tab-box"]/div[2]/ul/li/div[2]/img
2018-09-29 09:03:22,509 find_element.py--> get_element 20: INFO ----->定位方式:xpath--->定位值://li[@class="data-upload"]/div[1]/div[2]/ul[1]/li[2]
2018-09-29 09:03:22,568 find_element.py--> get_element 20: INFO ----->定位方式:xpath--->定位值://li[@class="data-upload"]/div[1]/div[2]/ul[2]/li[2]/input
2018-09-29 09:03:22,648 find_element.py--> get_element 20: INFO ----->定位方式:xpath--->定位值://ul[@class="caseImg"]/li[1]/div[2]/ul/li[1]//div/div/div
2018-09-29 09:03:25,695 find_element.py--> get_element 20: INFO ----->定位方式:xpath--->定位值://ul[@class="caseImg"]/li[1]/div[2]/ul/li[2]//div/div/div
2018-09-29 09:03:28,875 find_element.py--> get_element 20: INFO ----->定位方式:xpath--->定位值://ul[@class="caseImg"]/li[1]/div[2]/ul/li[3]//div/div/div
2018-09-29 09:03:32,032 find_element.py--> get_element 20: INFO ----->定位方式:xpath--->定位值://ul[@class="caseImg"]/li[1]/div[2]/ul/li[4]//div/div/div
2018-09-29 09:03:35,140 find_element.py--> get_element 20: INFO ----->定位方式:xpath--->定位值://ul[@class="caseImg"]/li[2]/div[2]/ul/li[1]//div/div/div
2018-09-29 09:03:38,317 find_element.py--> get_element 20: INFO ----->定位方式:xpath--->定位值://ul[@class="caseImg"]/li[2]/div[2]/ul/li[2]//div/div/div
2018-09-29 09:03:41,559 find_element.py--> get_element 20: INFO ----->定位方式:xpath--->定位值://ul[@class="caseImg"]/li[2]/div[2]/ul/li[3]//div/div/div
2018-09-29 09:03:44,744 find_element.py--> get_element 20: INFO ----->定位方式:xpath--->定位值://ul[@class="caseImg"]/li[2]/div[2]/ul/li[4]//div/div/div
2018-09-29 09:03:48,118 find_element.py--> get_element 20: INFO ----->定位方式:xpath--->定位值://ul[@class="caseImg"]/li[2]/div[2]/ul/li[5]//div/div/div
2018-09-29 09:03:51,351 find_element.py--> get_element 20: INFO ----->定位方式:xpath--->定位值://ul[@class="caseImg"]/li[3]//ul/li[1]//div/div/div
2018-09-29 09:03:54,564 find_element.py--> get_element 20: INFO ----->定位方式:xpath--->定位值://ul[@class="caseImg"]/li[3]//ul/li[2]//div/div/div
2018-09-29 09:04:00,795 find_element.py--> get_element 20: INFO ----->定位方式:xpath--->定位值://div[@class="button-box"]/button[3]
2018-09-29 09:04:02,859 find_element.py--> get_element 20: INFO ----->定位方式:xpath--->定位值://li[@class="prescription"]/ul/li[1]//textarea
2018-09-29 09:04:02,930 find_element.py--> get_element 20: INFO ----->定位方式:xpath--->定位值://li[@class="prescription"]/ul/li[2]//textarea
2018-09-29 09:04:02,978 find_element.py--> get_element 20: INFO ----->定位方式:xpath--->定位值://li[@class="prescription"]/ul/li[3]//textarea
2018-09-29 09:04:03,040 find_element.py--> get_element 20: INFO ----->定位方式:xpath--->定位值://li[@class="prescription"]/ul/li[4]//textarea
2018-09-29 09:04:03,091 find_element.py--> get_element 20: INFO ----->定位方式:xpath--->定位值://div[@class="tab-list"]/ul/li[3]/div[2]/button[2]
2018-09-29 09:04:06,147 find_element.py--> get_element 20: INFO ----->定位方式:xpath--->定位值://li[@class="submitCase-box"]/button
2018-09-29 09:04:11,711 mail.py--> _attach_file 20: INFO ----->attach file C:\Users\yanxianhuiclearbos\PycharmProjects\firsttest\config\keyword.xls
2018-09-29 09:04:13,851 mail.py--> send 20: INFO ----->发送邮件"ERP测试报告"成功! 收件人：825651673@qq.com。如果没有收到邮件，请检查垃圾箱，同时检查收件人地址是否正确
2018-09-29 09:55:04,619 find_element.py--> get_element 20: INFO ----->定位方式:xpath--->定位值://div[@class="login"]/div[2]/input
2018-09-29 09:55:04,710 find_element.py--> get_element 20: INFO ----->定位方式:xpath--->定位值://div[@class="login"]/div[3]/input
2018-09-29 09:55:04,779 find_element.py--> get_element 20: INFO ----->定位方式:xpath--->定位值://div[@class="login"]/div[5]
2018-09-29 09:58:05,630 find_element.py--> get_element 20: INFO ----->定位方式:xpath--->定位值://div[@class="login"]/div[2]/input
2018-09-29 09:58:05,750 find_element.py--> get_element 20: INFO ----->定位方式:xpath--->定位值://div[@class="login"]/div[3]/input
2018-09-29 09:58:05,821 find_element.py--> get_element 20: INFO ----->定位方式:xpath--->定位值://div[@class="login"]/div[5]
2018-09-29 09:59:33,575 find_element.py--> get_element 20: INFO ----->定位方式:xpath--->定位值://div[@class="login"]/div[2]/input
2018-09-29 09:59:33,663 find_element.py--> get_element 20: INFO ----->定位方式:xpath--->定位值://div[@class="login"]/div[3]/input
2018-09-29 09:59:33,744 find_element.py--> get_element 20: INFO ----->定位方式:xpath--->定位值://div[@class="login"]/div[5]
2018-09-29 10:08:28,859 find_element.py--> get_element 20: INFO ----->定位方式:xpath--->定位值://div[@class="login"]/div[2]/input
2018-09-29 10:08:28,997 find_element.py--> get_element 20: INFO ----->定位方式:xpath--->定位值://div[@class="login"]/div[3]/input
2018-09-29 10:08:29,076 find_element.py--> get_element 20: INFO ----->定位方式:xpath--->定位值://div[@class="login"]/div[5]
2018-09-29 10:08:29,140 find_element.py--> get_element 20: INFO ----->定位方式:xpath--->定位值://div[@class="current clear"]/ul/li[2]/span
2018-09-29 10:24:40,634 find_element.py--> get_element 20: INFO ----->定位方式:xpath--->定位值://div[@class="login"]/div[2]/input
2018-09-29 10:24:40,751 find_element.py--> get_element 20: INFO ----->定位方式:xpath--->定位值://div[@class="login"]/div[3]/input
2018-09-29 10:24:40,847 find_element.py--> get_element 20: INFO ----->定位方式:xpath--->定位值://div[@class="login"]/div[5]
2018-09-29 10:24:40,901 find_element.py--> get_element 20: INFO ----->定位方式:xpath--->定位值://div[@class="current clear"]/ul/li[2]/span
2018-09-29 10:32:55,678 find_element.py--> get_element 20: INFO ----->定位方式:xpath--->定位值://div[@class="login"]/div[2]/input
2018-09-29 10:32:55,871 find_element.py--> get_element 20: INFO ----->定位方式:xpath--->定位值://div[@class="login"]/div[3]/input
2018-09-29 10:32:55,939 find_element.py--> get_element 20: INFO ----->定位方式:xpath--->定位值://div[@class="login"]/div[5]
2018-09-29 10:32:56,002 find_element.py--> get_element 20: INFO ----->定位方式:xpath--->定位值://div[@class="current clear"]/ul/li[2]/span
2018-09-29 10:33:31,059 find_element.py--> get_element 20: INFO ----->定位方式:xpath--->定位值://div[@class="login"]/div[2]/input
2018-09-29 10:33:31,157 find_element.py--> get_element 20: INFO ----->定位方式:xpath--->定位值://div[@class="login"]/div[3]/input
2018-09-29 10:33:31,229 find_element.py--> get_element 20: INFO ----->定位方式:xpath--->定位值://div[@class="login"]/div[5]
2018-09-29 10:33:31,282 find_element.py--> get_element 20: INFO ----->定位方式:xpath--->定位值://div[@class="current clear"]/ul/li[2]/span
2018-09-29 13:17:01,006 find_element.py--> get_element 20: INFO ----->定位方式:xpath--->定位值://div[@class="login"]/div[2]/input
2018-09-29 13:17:01,127 find_element.py--> get_element 20: INFO ----->定位方式:xpath--->定位值://div[@class="login"]/div[3]/input
2018-09-29 13:17:01,222 find_element.py--> get_element 20: INFO ----->定位方式:xpath--->定位值://div[@class="login"]/div[5]
2018-09-29 13:17:05,354 find_element.py--> get_element 20: INFO ----->定位方式:xpath--->定位值://div[@class="search"]/button[2]
2018-09-29 13:17:08,432 find_element.py--> get_element 20: INFO ----->定位方式:xpath--->定位值://ul[@class="addUser"]/li[1]/input
2018-09-29 13:17:08,517 find_element.py--> get_element 20: INFO ----->定位方式:xpath--->定位值://ul[@class="addUser"]/li[2]/div/span[2]
2018-09-29 13:17:08,684 find_element.py--> get_element 20: INFO ----->定位方式:xpath--->定位值://ul[@class="addUser"]/li[3]/div/input
2018-09-29 13:17:08,936 find_element.py--> get_element 20: INFO ----->定位方式:xpath--->定位值://ul[@class="addUser"]/li[4]/input
2018-09-29 13:17:09,082 find_element.py--> get_element 20: INFO ----->定位方式:xpath--->定位值://div[@id="info"]/following-sibling::div/button[2]
2018-09-29 13:17:12,161 find_element.py--> get_element 20: INFO ----->定位方式:xpath--->定位值://div[@class="tab-box"]/div[2]/ul/li/div[2]/img
2018-09-29 13:17:14,264 find_element.py--> get_element 20: INFO ----->定位方式:xpath--->定位值://li[@class="data-upload"]/div[1]/div[2]/ul[1]/li[2]
2018-09-29 13:17:14,364 find_element.py--> get_element 20: INFO ----->定位方式:xpath--->定位值://li[@class="data-upload"]/div[1]/div[2]/ul[2]/li[2]/input
2018-09-29 13:17:14,439 find_element.py--> get_element 20: INFO ----->定位方式:xpath--->定位值://ul[@class="caseImg"]/li[1]/div[2]/ul/li[1]//div/div/div
2018-09-29 13:17:17,775 find_element.py--> get_element 20: INFO ----->定位方式:xpath--->定位值://ul[@class="caseImg"]/li[1]/div[2]/ul/li[2]//div/div/div
2018-09-29 13:17:20,825 find_element.py--> get_element 20: INFO ----->定位方式:xpath--->定位值://ul[@class="caseImg"]/li[1]/div[2]/ul/li[3]//div/div/div
2018-09-29 13:17:24,062 find_element.py--> get_element 20: INFO ----->定位方式:xpath--->定位值://ul[@class="caseImg"]/li[1]/div[2]/ul/li[4]//div/div/div
2018-09-29 13:17:27,243 find_element.py--> get_element 20: INFO ----->定位方式:xpath--->定位值://ul[@class="caseImg"]/li[2]/div[2]/ul/li[1]//div/div/div
2018-09-29 13:17:30,422 find_element.py--> get_element 20: INFO ----->定位方式:xpath--->定位值://ul[@class="caseImg"]/li[2]/div[2]/ul/li[2]//div/div/div
2018-09-29 13:17:33,702 find_element.py--> get_element 20: INFO ----->定位方式:xpath--->定位值://ul[@class="caseImg"]/li[2]/div[2]/ul/li[3]//div/div/div
2018-09-29 13:17:36,901 find_element.py--> get_element 20: INFO ----->定位方式:xpath--->定位值://ul[@class="caseImg"]/li[2]/div[2]/ul/li[4]//div/div/div
2018-09-29 13:17:40,075 find_element.py--> get_element 20: INFO ----->定位方式:xpath--->定位值://ul[@class="caseImg"]/li[2]/div[2]/ul/li[5]//div/div/div
2018-09-29 13:17:43,382 find_element.py--> get_element 20: INFO ----->定位方式:xpath--->定位值://ul[@class="caseImg"]/li[3]//ul/li[1]//div/div/div
2018-09-29 13:17:46,752 find_element.py--> get_element 20: INFO ----->定位方式:xpath--->定位值://ul[@class="caseImg"]/li[3]//ul/li[2]//div/div/div
2018-09-29 13:17:52,972 find_element.py--> get_element 20: INFO ----->定位方式:xpath--->定位值://div[@class="button-box"]/button[3]
2018-09-29 13:17:55,095 find_element.py--> get_element 20: INFO ----->定位方式:xpath--->定位值://li[@class="prescription"]/ul/li[1]//textarea
2018-09-29 13:17:55,223 find_element.py--> get_element 20: INFO ----->定位方式:xpath--->定位值://li[@class="prescription"]/ul/li[2]//textarea
2018-09-29 13:17:55,282 find_element.py--> get_element 20: INFO ----->定位方式:xpath--->定位值://li[@class="prescription"]/ul/li[3]//textarea
2018-09-29 13:17:55,339 find_element.py--> get_element 20: INFO ----->定位方式:xpath--->定位值://li[@class="prescription"]/ul/li[4]//textarea
2018-09-29 13:17:55,392 find_element.py--> get_element 20: INFO ----->定位方式:xpath--->定位值://div[@class="tab-list"]/ul/li[3]/div[2]/button[2]
2018-09-29 13:17:58,457 find_element.py--> get_element 20: INFO ----->定位方式:xpath--->定位值://li[@class="submitCase-box"]/button
2018-09-29 13:36:30,194 find_element.py--> get_element 20: INFO ----->定位方式:xpath--->定位值://div[@class="login"]/div[2]/input
2018-09-29 13:36:30,352 find_element.py--> get_element 20: INFO ----->定位方式:xpath--->定位值://div[@class="login"]/div[3]/input
2018-09-29 13:36:30,439 find_element.py--> get_element 20: INFO ----->定位方式:xpath--->定位值://div[@class="login"]/div[5]
2018-09-29 13:36:34,580 find_element.py--> get_element 20: INFO ----->定位方式:xpath--->定位值://div[@class="search"]/button[2]
2018-09-29 13:36:37,783 find_element.py--> get_element 20: INFO ----->定位方式:xpath--->定位值://ul[@class="addUser"]/li[1]/input
2018-09-29 13:36:37,868 find_element.py--> get_element 20: INFO ----->定位方式:xpath--->定位值://ul[@class="addUser"]/li[2]/div/span[2]
2018-09-29 13:36:37,945 find_element.py--> get_element 20: INFO ----->定位方式:xpath--->定位值://ul[@class="addUser"]/li[3]/div/input
2018-09-29 13:36:38,060 find_element.py--> get_element 20: INFO ----->定位方式:xpath--->定位值://ul[@class="addUser"]/li[4]/input
2018-09-29 13:36:38,163 find_element.py--> get_element 20: INFO ----->定位方式:xpath--->定位值://div[@id="info"]/following-sibling::div/button[2]
2018-09-29 13:36:41,237 find_element.py--> get_element 20: INFO ----->定位方式:xpath--->定位值://div[@class="tab-box"]/div[2]/ul/li/div[2]/img
2018-09-29 13:36:43,301 find_element.py--> get_element 20: INFO ----->定位方式:xpath--->定位值://li[@class="data-upload"]/div[1]/div[2]/ul[1]/li[2]
2018-09-29 13:36:43,366 find_element.py--> get_element 20: INFO ----->定位方式:xpath--->定位值://li[@class="data-upload"]/div[1]/div[2]/ul[2]/li[2]/input
2018-09-29 13:36:43,484 find_element.py--> get_element 20: INFO ----->定位方式:xpath--->定位值://ul[@class="caseImg"]/li[1]/div[2]/ul/li[1]//div/div/div
2018-09-29 13:36:46,355 find_element.py--> get_element 20: INFO ----->定位方式:xpath--->定位值://ul[@class="caseImg"]/li[1]/div[2]/ul/li[2]//div/div/div
2018-09-29 13:36:49,400 find_element.py--> get_element 20: INFO ----->定位方式:xpath--->定位值://ul[@class="caseImg"]/li[1]/div[2]/ul/li[3]//div/div/div
2018-09-29 13:36:52,334 find_element.py--> get_element 20: INFO ----->定位方式:xpath--->定位值://ul[@class="caseImg"]/li[1]/div[2]/ul/li[4]//div/div/div
2018-09-29 13:36:55,339 find_element.py--> get_element 20: INFO ----->定位方式:xpath--->定位值://ul[@class="caseImg"]/li[2]/div[2]/ul/li[1]//div/div/div
2018-09-29 13:36:58,326 find_element.py--> get_element 20: INFO ----->定位方式:xpath--->定位值://ul[@class="caseImg"]/li[2]/div[2]/ul/li[2]//div/div/div
2018-09-29 13:37:01,474 find_element.py--> get_element 20: INFO ----->定位方式:xpath--->定位值://ul[@class="caseImg"]/li[2]/div[2]/ul/li[3]//div/div/div
2018-09-29 13:37:05,048 find_element.py--> get_element 20: INFO ----->定位方式:xpath--->定位值://ul[@class="caseImg"]/li[2]/div[2]/ul/li[4]//div/div/div
2018-09-29 13:37:08,501 find_element.py--> get_element 20: INFO ----->定位方式:xpath--->定位值://ul[@class="caseImg"]/li[2]/div[2]/ul/li[5]//div/div/div
2018-09-29 13:37:11,726 find_element.py--> get_element 20: INFO ----->定位方式:xpath--->定位值://ul[@class="caseImg"]/li[3]//ul/li[1]//div/div/div
2018-09-29 13:37:14,928 find_element.py--> get_element 20: INFO ----->定位方式:xpath--->定位值://ul[@class="caseImg"]/li[3]//ul/li[2]//div/div/div
2018-09-29 13:37:21,040 find_element.py--> get_element 20: INFO ----->定位方式:xpath--->定位值://div[@class="button-box"]/button[3]
2018-09-29 13:37:23,151 find_element.py--> get_element 20: INFO ----->定位方式:xpath--->定位值://li[@class="prescription"]/ul/li[1]//textarea
2018-09-29 13:37:23,230 find_element.py--> get_element 20: INFO ----->定位方式:xpath--->定位值://li[@class="prescription"]/ul/li[2]//textarea
2018-09-29 13:37:23,283 find_element.py--> get_element 20: INFO ----->定位方式:xpath--->定位值://li[@class="prescription"]/ul/li[3]//textarea
2018-09-29 13:37:23,339 find_element.py--> get_element 20: INFO ----->定位方式:xpath--->定位值://li[@class="prescription"]/ul/li[4]//textarea
2018-09-29 13:37:23,397 find_element.py--> get_element 20: INFO ----->定位方式:xpath--->定位值://div[@class="tab-list"]/ul/li[3]/div[2]/button[2]
2018-09-29 13:37:26,493 find_element.py--> get_element 20: INFO ----->定位方式:xpath--->定位值://li[@class="submitCase-box"]/button
2018-09-29 13:45:50,260 find_element.py--> get_element 20: INFO ----->定位方式:xpath--->定位值://div[@class="login"]/div[2]/input
2018-09-29 13:45:51,389 find_element.py--> get_element 20: INFO ----->定位方式:xpath--->定位值://div[@class="login"]/div[3]/input
2018-09-29 13:45:52,689 find_element.py--> get_element 20: INFO ----->定位方式:xpath--->定位值://div[@class="login"]/div[5]
2018-09-29 13:45:57,903 find_element.py--> get_element 20: INFO ----->定位方式:xpath--->定位值://div[@class="search"]/button[2]
2018-09-29 13:46:02,142 find_element.py--> get_element 20: INFO ----->定位方式:xpath--->定位值://ul[@class="addUser"]/li[1]/input
2018-09-29 13:46:03,287 find_element.py--> get_element 20: INFO ----->定位方式:xpath--->定位值://ul[@class="addUser"]/li[2]/div/span[2]
2018-09-29 13:46:04,558 find_element.py--> get_element 20: INFO ----->定位方式:xpath--->定位值://ul[@class="addUser"]/li[3]/div/input
2018-09-29 13:46:05,700 find_element.py--> get_element 20: INFO ----->定位方式:xpath--->定位值://ul[@class="addUser"]/li[4]/input
2018-09-29 13:46:07,031 find_element.py--> get_element 20: INFO ----->定位方式:xpath--->定位值://div[@id="info"]/following-sibling::div/button[2]
2018-09-29 13:46:12,215 find_element.py--> get_element 20: INFO ----->定位方式:xpath--->定位值://div[@class="tab-box"]/div[2]/ul/li/div[2]/img
2018-09-29 13:46:16,314 find_element.py--> get_element 20: INFO ----->定位方式:xpath--->定位值://li[@class="data-upload"]/div[1]/div[2]/ul[1]/li[2]
2018-09-29 13:46:17,457 find_element.py--> get_element 20: INFO ----->定位方式:xpath--->定位值://li[@class="data-upload"]/div[1]/div[2]/ul[2]/li[2]/input
2018-09-29 13:46:18,723 find_element.py--> get_element 20: INFO ----->定位方式:xpath--->定位值://ul[@class="caseImg"]/li[1]/div[2]/ul/li[1]//div/div/div
2018-09-29 13:46:23,659 find_element.py--> get_element 20: INFO ----->定位方式:xpath--->定位值://ul[@class="caseImg"]/li[1]/div[2]/ul/li[2]//div/div/div
2018-09-29 13:46:28,587 find_element.py--> get_element 20: INFO ----->定位方式:xpath--->定位值://ul[@class="caseImg"]/li[1]/div[2]/ul/li[3]//div/div/div
2018-09-29 13:46:33,424 find_element.py--> get_element 20: INFO ----->定位方式:xpath--->定位值://ul[@class="caseImg"]/li[1]/div[2]/ul/li[4]//div/div/div
2018-09-29 13:46:38,250 find_element.py--> get_element 20: INFO ----->定位方式:xpath--->定位值://ul[@class="caseImg"]/li[2]/div[2]/ul/li[1]//div/div/div
2018-09-29 13:46:43,247 find_element.py--> get_element 20: INFO ----->定位方式:xpath--->定位值://ul[@class="caseImg"]/li[2]/div[2]/ul/li[2]//div/div/div
2018-09-29 13:46:48,101 find_element.py--> get_element 20: INFO ----->定位方式:xpath--->定位值://ul[@class="caseImg"]/li[2]/div[2]/ul/li[3]//div/div/div
2018-09-29 13:46:53,075 find_element.py--> get_element 20: INFO ----->定位方式:xpath--->定位值://ul[@class="caseImg"]/li[2]/div[2]/ul/li[4]//div/div/div
2018-09-29 13:46:58,057 find_element.py--> get_element 20: INFO ----->定位方式:xpath--->定位值://ul[@class="caseImg"]/li[2]/div[2]/ul/li[5]//div/div/div
2018-09-29 13:47:02,880 find_element.py--> get_element 20: INFO ----->定位方式:xpath--->定位值://ul[@class="caseImg"]/li[3]//ul/li[1]//div/div/div
2018-09-29 13:47:07,812 find_element.py--> get_element 20: INFO ----->定位方式:xpath--->定位值://ul[@class="caseImg"]/li[3]//ul/li[2]//div/div/div
2018-09-29 13:47:16,816 find_element.py--> get_element 20: INFO ----->定位方式:xpath--->定位值://div[@class="button-box"]/button[3]
2018-09-29 13:47:21,027 find_element.py--> get_element 20: INFO ----->定位方式:xpath--->定位值://li[@class="prescription"]/ul/li[1]//textarea
2018-09-29 13:47:22,119 find_element.py--> get_element 20: INFO ----->定位方式:xpath--->定位值://li[@class="prescription"]/ul/li[2]//textarea
2018-09-29 13:47:23,196 find_element.py--> get_element 20: INFO ----->定位方式:xpath--->定位值://li[@class="prescription"]/ul/li[3]//textarea
2018-09-29 13:47:24,313 find_element.py--> get_element 20: INFO ----->定位方式:xpath--->定位值://li[@class="prescription"]/ul/li[4]//textarea
2018-09-29 13:47:25,438 find_element.py--> get_element 20: INFO ----->定位方式:xpath--->定位值://div[@class="tab-list"]/ul/li[3]/div[2]/button[2]
2018-09-29 13:47:30,648 find_element.py--> get_element 20: INFO ----->定位方式:xpath--->定位值://li[@class="submitCase-box"]/button
2018-09-29 13:50:33,859 find_element.py--> get_element 20: INFO ----->定位方式:xpath--->定位值://div[@class="login"]/div[2]/input
2018-09-29 13:50:34,006 find_element.py--> get_element 20: INFO ----->定位方式:xpath--->定位值://div[@class="login"]/div[3]/input
2018-09-29 13:50:34,122 find_element.py--> get_element 20: INFO ----->定位方式:xpath--->定位值://div[@class="login"]/div[5]
2018-09-29 13:50:38,242 find_element.py--> get_element 20: INFO ----->定位方式:xpath--->定位值://div[@class="search"]/button[2]
2018-09-29 13:50:41,416 find_element.py--> get_element 20: INFO ----->定位方式:xpath--->定位值://ul[@class="addUser"]/li[1]/input
2018-09-29 13:50:41,614 find_element.py--> get_element 20: INFO ----->定位方式:xpath--->定位值://ul[@class="addUser"]/li[2]/div/span[2]
2018-09-29 13:50:41,919 find_element.py--> get_element 20: INFO ----->定位方式:xpath--->定位值://ul[@class="addUser"]/li[3]/div/input
2018-09-29 13:50:42,158 find_element.py--> get_element 20: INFO ----->定位方式:xpath--->定位值://ul[@class="addUser"]/li[4]/input
2018-09-29 13:50:42,270 find_element.py--> get_element 20: INFO ----->定位方式:xpath--->定位值://div[@id="info"]/following-sibling::div/button[2]
2018-09-29 13:50:45,351 find_element.py--> get_element 20: INFO ----->定位方式:xpath--->定位值://div[@class="tab-box"]/div[2]/ul/li/div[2]/img
2018-09-29 13:50:47,428 find_element.py--> get_element 20: INFO ----->定位方式:xpath--->定位值://li[@class="data-upload"]/div[1]/div[2]/ul[1]/li[2]
2018-09-29 13:50:47,495 find_element.py--> get_element 20: INFO ----->定位方式:xpath--->定位值://li[@class="data-upload"]/div[1]/div[2]/ul[2]/li[2]/input
2018-09-29 13:50:47,596 find_element.py--> get_element 20: INFO ----->定位方式:xpath--->定位值://ul[@class="caseImg"]/li[1]/div[2]/ul/li[1]//div/div/div
2018-09-29 13:50:50,501 find_element.py--> get_element 20: INFO ----->定位方式:xpath--->定位值://ul[@class="caseImg"]/li[1]/div[2]/ul/li[2]//div/div/div
2018-09-29 13:50:53,539 find_element.py--> get_element 20: INFO ----->定位方式:xpath--->定位值://ul[@class="caseImg"]/li[1]/div[2]/ul/li[3]//div/div/div
2018-09-29 13:50:56,585 find_element.py--> get_element 20: INFO ----->定位方式:xpath--->定位值://ul[@class="caseImg"]/li[1]/div[2]/ul/li[4]//div/div/div
2018-09-29 13:50:59,641 find_element.py--> get_element 20: INFO ----->定位方式:xpath--->定位值://ul[@class="caseImg"]/li[2]/div[2]/ul/li[1]//div/div/div
2018-09-29 13:51:02,754 find_element.py--> get_element 20: INFO ----->定位方式:xpath--->定位值://ul[@class="caseImg"]/li[2]/div[2]/ul/li[2]//div/div/div
2018-09-29 13:51:05,730 find_element.py--> get_element 20: INFO ----->定位方式:xpath--->定位值://ul[@class="caseImg"]/li[2]/div[2]/ul/li[3]//div/div/div
2018-09-29 13:51:08,802 find_element.py--> get_element 20: INFO ----->定位方式:xpath--->定位值://ul[@class="caseImg"]/li[2]/div[2]/ul/li[4]//div/div/div
2018-09-29 13:51:11,850 find_element.py--> get_element 20: INFO ----->定位方式:xpath--->定位值://ul[@class="caseImg"]/li[2]/div[2]/ul/li[5]//div/div/div
2018-09-29 13:51:14,903 find_element.py--> get_element 20: INFO ----->定位方式:xpath--->定位值://ul[@class="caseImg"]/li[3]//ul/li[1]//div/div/div
2018-09-29 13:51:17,906 find_element.py--> get_element 20: INFO ----->定位方式:xpath--->定位值://ul[@class="caseImg"]/li[3]//ul/li[2]//div/div/div
2018-09-29 13:51:23,975 find_element.py--> get_element 20: INFO ----->定位方式:xpath--->定位值://div[@class="button-box"]/button[3]
2018-09-29 13:51:26,096 find_element.py--> get_element 20: INFO ----->定位方式:xpath--->定位值://li[@class="prescription"]/ul/li[1]//textarea
2018-09-29 13:51:26,162 find_element.py--> get_element 20: INFO ----->定位方式:xpath--->定位值://li[@class="prescription"]/ul/li[2]//textarea
2018-09-29 13:51:26,213 find_element.py--> get_element 20: INFO ----->定位方式:xpath--->定位值://li[@class="prescription"]/ul/li[3]//textarea
2018-09-29 13:51:26,263 find_element.py--> get_element 20: INFO ----->定位方式:xpath--->定位值://li[@class="prescription"]/ul/li[4]//textarea
2018-09-29 13:51:26,327 find_element.py--> get_element 20: INFO ----->定位方式:xpath--->定位值://div[@class="tab-list"]/ul/li[3]/div[2]/button[2]
2018-09-29 13:51:29,394 find_element.py--> get_element 20: INFO ----->定位方式:xpath--->定位值://li[@class="submitCase-box"]/button
2018-09-29 13:53:23,794 find_element.py--> get_element 20: INFO ----->定位方式:xpath--->定位值://div[@class="login"]/div[2]/input
2018-09-29 13:53:23,977 find_element.py--> get_element 20: INFO ----->定位方式:xpath--->定位值://div[@class="login"]/div[3]/input
2018-09-29 13:53:24,072 find_element.py--> get_element 20: INFO ----->定位方式:xpath--->定位值://div[@class="login"]/div[5]
2018-09-29 13:53:28,163 find_element.py--> get_element 20: INFO ----->定位方式:xpath--->定位值://div[@class="search"]/button[2]
2018-09-29 14:39:48,924 find_element.py--> get_element 20: INFO ----->定位方式:xpath--->定位值://div[@class="login"]/div[2]/input
2018-09-29 14:39:49,098 find_element.py--> get_element 20: INFO ----->定位方式:xpath--->定位值://div[@class="login"]/div[3]/input
2018-09-29 14:39:49,189 find_element.py--> get_element 20: INFO ----->定位方式:xpath--->定位值://div[@class="login"]/div[5]
2018-09-29 14:39:53,315 find_element.py--> get_element 20: INFO ----->定位方式:xpath--->定位值://div[@class="search"]/button[2]
2018-09-29 14:39:56,435 find_element.py--> get_element 20: INFO ----->定位方式:xpath--->定位值://ul[@class="addUser"]/li[1]/input
2018-09-29 14:39:56,622 find_element.py--> get_element 20: INFO ----->定位方式:xpath--->定位值://ul[@class="addUser"]/li[2]/div/span[2]
2018-09-29 14:39:56,834 find_element.py--> get_element 20: INFO ----->定位方式:xpath--->定位值://ul[@class="addUser"]/li[3]/div/input
2018-09-29 14:39:57,041 find_element.py--> get_element 20: INFO ----->定位方式:xpath--->定位值://ul[@class="addUser"]/li[4]/input
2018-09-29 14:39:57,156 find_element.py--> get_element 20: INFO ----->定位方式:xpath--->定位值://div[@id="info"]/following-sibling::div/button[2]
2018-09-29 14:40:00,225 find_element.py--> get_element 20: INFO ----->定位方式:xpath--->定位值://div[@class="tab-box"]/div[2]/ul/li/div[2]/img
2018-09-29 14:40:02,276 find_element.py--> get_element 20: INFO ----->定位方式:xpath--->定位值://li[@class="data-upload"]/div[1]/div[2]/ul[1]/li[2]
2018-09-29 14:40:02,358 find_element.py--> get_element 20: INFO ----->定位方式:xpath--->定位值://li[@class="data-upload"]/div[1]/div[2]/ul[2]/li[2]/input
2018-09-29 14:40:02,462 find_element.py--> get_element 20: INFO ----->定位方式:xpath--->定位值://ul[@class="caseImg"]/li[1]/div[2]/ul/li[1]//div/div/div
2018-09-29 14:40:05,626 find_element.py--> get_element 20: INFO ----->定位方式:xpath--->定位值://ul[@class="caseImg"]/li[1]/div[2]/ul/li[2]//div/div/div
2018-09-29 14:40:08,675 find_element.py--> get_element 20: INFO ----->定位方式:xpath--->定位值://ul[@class="caseImg"]/li[1]/div[2]/ul/li[3]//div/div/div
2018-09-29 14:40:11,794 find_element.py--> get_element 20: INFO ----->定位方式:xpath--->定位值://ul[@class="caseImg"]/li[1]/div[2]/ul/li[4]//div/div/div
2018-09-29 14:40:14,854 find_element.py--> get_element 20: INFO ----->定位方式:xpath--->定位值://ul[@class="caseImg"]/li[2]/div[2]/ul/li[1]//div/div/div
2018-09-29 14:40:17,907 find_element.py--> get_element 20: INFO ----->定位方式:xpath--->定位值://ul[@class="caseImg"]/li[2]/div[2]/ul/li[2]//div/div/div
2018-09-29 14:40:21,023 find_element.py--> get_element 20: INFO ----->定位方式:xpath--->定位值://ul[@class="caseImg"]/li[2]/div[2]/ul/li[3]//div/div/div
2018-09-29 14:40:24,188 find_element.py--> get_element 20: INFO ----->定位方式:xpath--->定位值://ul[@class="caseImg"]/li[2]/div[2]/ul/li[4]//div/div/div
2018-09-29 14:40:27,331 find_element.py--> get_element 20: INFO ----->定位方式:xpath--->定位值://ul[@class="caseImg"]/li[2]/div[2]/ul/li[5]//div/div/div
2018-09-29 14:40:30,549 find_element.py--> get_element 20: INFO ----->定位方式:xpath--->定位值://ul[@class="caseImg"]/li[3]//ul/li[1]//div/div/div
2018-09-29 14:40:33,736 find_element.py--> get_element 20: INFO ----->定位方式:xpath--->定位值://ul[@class="caseImg"]/li[3]//ul/li[2]//div/div/div
2018-09-29 14:40:39,572 find_element.py--> get_element 20: INFO ----->定位方式:xpath--->定位值://div[@class="button-box"]/button[3]
2018-09-29 14:40:41,644 find_element.py--> get_element 20: INFO ----->定位方式:xpath--->定位值://li[@class="prescription"]/ul/li[1]//textarea
2018-09-29 14:40:41,747 find_element.py--> get_element 20: INFO ----->定位方式:xpath--->定位值://li[@class="prescription"]/ul/li[2]//textarea
2018-09-29 14:40:41,811 find_element.py--> get_element 20: INFO ----->定位方式:xpath--->定位值://li[@class="prescription"]/ul/li[3]//textarea
2018-09-29 14:40:41,864 find_element.py--> get_element 20: INFO ----->定位方式:xpath--->定位值://li[@class="prescription"]/ul/li[4]//textarea
2018-09-29 14:40:41,914 find_element.py--> get_element 20: INFO ----->定位方式:xpath--->定位值://div[@class="tab-list"]/ul/li[3]/div[2]/button[2]
2018-09-29 14:40:44,982 find_element.py--> get_element 20: INFO ----->定位方式:xpath--->定位值://li[@class="submitCase-box"]/button
