2018-09-28 14:22:44,796 find_element.py--> get_element 20: INFO ----->定位方式:xpath--->定位值://div[@class="help clear"]/div[2]/a[1]
2018-09-28 14:22:47,961 find_element.py--> get_element 20: INFO ----->定位方式:xpath--->定位值://div[@class="doc_regContainer"]/div[2]/input
2018-09-28 14:22:48,085 find_element.py--> get_element 20: INFO ----->定位方式:xpath--->定位值://div[@class="doc_regContainer"]/div[3]/input
2018-09-28 14:22:48,139 find_element.py--> get_element 20: INFO ----->定位方式:xpath--->定位值://div[@class="doc_regContainer"]/div[4]/input
2018-09-28 14:22:48,185 find_element.py--> get_element 20: INFO ----->定位方式:xpath--->定位值://div[@class="doc_regContainer"]/div[5]/input
2018-09-28 14:22:48,233 find_element.py--> get_element 20: INFO ----->定位方式:xpath--->定位值://div[@class="rowSelect"]/div[1]//input
2018-09-28 14:22:50,465 find_element.py--> get_element 20: INFO ----->定位方式:xpath--->定位值://body/div[last()]//div/ul//li[3]
2018-09-28 14:22:50,790 find_element.py--> get_element 20: INFO ----->定位方式:xpath--->定位值://div[@class="rowSelect"]/div[2]//input
2018-09-28 14:22:52,051 find_element.py--> get_element 20: INFO ----->定位方式:xpath--->定位值://body/div[last()]//div/ul//li[3]
2018-09-28 14:22:52,376 find_element.py--> get_element 20: INFO ----->定位方式:xpath--->定位值://div[@class="rowSelect"]/div[3]//input
2018-09-28 14:22:53,627 find_element.py--> get_element 20: INFO ----->定位方式:xpath--->定位值://body/div[last()]//div/ul//li[3]
2018-09-28 14:22:54,881 find_element.py--> get_element 20: INFO ----->定位方式:xpath--->定位值://div[@class="doc_regContainer"]/div[7]//input
2018-09-28 14:22:55,944 find_element.py--> get_element 20: INFO ----->定位方式:xpath--->定位值://div[@class="doc_regContainer"]/div[8]//input
2018-09-28 14:22:57,204 find_element.py--> get_element 20: INFO ----->定位方式:xpath--->定位值://body/div[last()]//div//li[1]
2018-09-28 14:22:57,489 find_element.py--> get_element 20: INFO ----->定位方式:xpath--->定位值://div[@class="doc_regContainer"]/div[9]//input
2018-09-28 14:22:57,537 find_element.py--> get_element 20: INFO ----->定位方式:xpath--->定位值://div[@class="doc_regContainer"]/div[10]//input
2018-09-28 14:22:58,802 find_element.py--> get_element 20: INFO ----->定位方式:xpath--->定位值://body/div[last()]//div//li[1]
2018-09-28 14:22:59,081 find_element.py--> get_element 20: INFO ----->定位方式:xpath--->定位值://*[@id="app"]/div/div[3]/div[11]/div/div
2018-09-28 14:23:02,070 find_element.py--> get_element 20: INFO ----->定位方式:xpath--->定位值://div[@class="doc_regContainer"]/div[12]/input
2018-09-28 14:23:02,108 find_element.py--> get_element 20: INFO ----->定位方式:xpath--->定位值://div[@class="doc_regContainer"]/div[14]
2018-09-28 14:31:34,251 find_element.py--> get_element 20: INFO ----->定位方式:xpath--->定位值://div[@class="help clear"]/div[2]/a[1]
2018-09-28 14:31:37,462 find_element.py--> get_element 20: INFO ----->定位方式:xpath--->定位值://div[@class="doc_regContainer"]/div[2]/input
2018-09-28 14:31:37,556 find_element.py--> get_element 20: INFO ----->定位方式:xpath--->定位值://div[@class="doc_regContainer"]/div[3]/input
2018-09-28 14:31:37,699 find_element.py--> get_element 20: INFO ----->定位方式:xpath--->定位值://div[@class="doc_regContainer"]/div[4]/input
2018-09-28 14:31:37,814 find_element.py--> get_element 20: INFO ----->定位方式:xpath--->定位值://div[@class="doc_regContainer"]/div[5]/input
2018-09-28 14:31:37,926 find_element.py--> get_element 20: INFO ----->定位方式:xpath--->定位值://div[@class="rowSelect"]/div[1]//input
2018-09-28 14:31:40,004 find_element.py--> get_element 20: INFO ----->定位方式:xpath--->定位值://body/div[last()]//div/ul//li[3]
2018-09-28 14:31:40,131 find_element.py--> get_element 20: INFO ----->定位方式:xpath--->定位值://div[@class="rowSelect"]/div[2]//input
2018-09-28 14:31:41,199 find_element.py--> get_element 20: INFO ----->定位方式:xpath--->定位值://body/div[last()]//div/ul//li[3]
2018-09-28 14:31:41,266 find_element.py--> get_element 20: INFO ----->定位方式:xpath--->定位值://div[@class="rowSelect"]/div[3]//input
2018-09-28 14:31:42,338 find_element.py--> get_element 20: INFO ----->定位方式:xpath--->定位值://body/div[last()]//div/ul//li[3]
2018-09-28 14:31:43,478 find_element.py--> get_element 20: INFO ----->定位方式:xpath--->定位值://div[@class="doc_regContainer"]/div[7]//input
2018-09-28 14:31:44,674 find_element.py--> get_element 20: INFO ----->定位方式:xpath--->定位值://div[@class="doc_regContainer"]/div[8]//input
2018-09-28 14:31:45,787 find_element.py--> get_element 20: INFO ----->定位方式:xpath--->定位值://body/div[last()]//div//li[1]
2018-09-28 14:31:45,945 find_element.py--> get_element 20: INFO ----->定位方式:xpath--->定位值://div[@class="doc_regContainer"]/div[9]//input
2018-09-28 14:31:46,074 find_element.py--> get_element 20: INFO ----->定位方式:xpath--->定位值://div[@class="doc_regContainer"]/div[10]//input
2018-09-28 14:31:47,154 find_element.py--> get_element 20: INFO ----->定位方式:xpath--->定位值://body/div[last()]//div//li[1]
2018-09-28 14:31:47,338 find_element.py--> get_element 20: INFO ----->定位方式:xpath--->定位值://*[@id="app"]/div/div[3]/div[11]/div/div
2018-09-28 14:34:28,207 find_element.py--> get_element 20: INFO ----->定位方式:xpath--->定位值://input[@type="text"]
2018-09-28 14:34:28,349 find_element.py--> get_element 20: INFO ----->定位方式:xpath--->定位值://input[@type="password"]
2018-09-28 14:34:28,429 find_element.py--> get_element 20: INFO ----->定位方式:xpath--->定位值://div[@class="operation"]/following-sibling::button
2018-09-28 14:34:32,505 find_element.py--> get_element 20: INFO ----->定位方式:xpath--->定位值://div[@class="nav_box nav"]/ul/li[2]/div
2018-09-28 14:34:35,646 find_element.py--> get_element 20: INFO ----->定位方式:xpath--->定位值://div[@class="nav_box nav"]/ul/li[2]//li[1]
2018-09-28 14:34:39,784 find_element.py--> get_element 20: INFO ----->定位方式:xpath--->定位值://tbody/tr[3]/td[1]/div
2018-09-28 14:34:42,958 find_element.py--> get_element 20: INFO ----->定位方式:xpath--->定位值://ul[@class="model_list"]/li[1]/label[1]/input
2018-09-28 14:34:43,075 find_element.py--> get_element 20: INFO ----->定位方式:xpath--->定位值://ul[@class="model_list"]/li[1]/label[2]/input
2018-09-28 14:34:43,144 find_element.py--> get_element 20: INFO ----->定位方式:xpath--->定位值://ul[@class="model_list"]/li[1]/input
2018-09-28 14:34:43,289 find_element.py--> get_element 20: INFO ----->定位方式:xpath--->定位值://ul[@class="img_list clear"]//li[1]/div
2018-09-28 14:34:46,239 find_element.py--> get_element 20: INFO ----->定位方式:xpath--->定位值://ul[@class="img_list clear"]//li[2]/div
2018-09-28 14:34:52,239 find_element.py--> get_element 20: INFO ----->定位方式:xpath--->定位值://div[@class="logisticsInfo"]/following-sibling::button/span
2018-09-28 15:57:59,459 find_element.py--> get_element 20: INFO ----->定位方式:xpath--->定位值://input[@type="text"]
2018-09-28 15:57:59,578 find_element.py--> get_element 20: INFO ----->定位方式:xpath--->定位值://input[@type="password"]
2018-09-28 15:57:59,634 find_element.py--> get_element 20: INFO ----->定位方式:xpath--->定位值://div[@class="operation"]/following-sibling::button
2018-09-28 15:58:03,715 find_element.py--> get_element 20: INFO ----->定位方式:xpath--->定位值://div[@class="nav_box nav"]/ul/li[2]/div
2018-09-28 15:58:06,889 find_element.py--> get_element 20: INFO ----->定位方式:xpath--->定位值://div[@class="nav_box nav"]/ul/li[2]//li[1]
2018-09-28 15:58:11,041 find_element.py--> get_element 20: INFO ----->定位方式:xpath--->定位值://tbody/tr[3]/td[1]/div
2018-09-28 15:58:14,204 find_element.py--> get_element 20: INFO ----->定位方式:xpath--->定位值://ul[@class="model_list"]/li[1]/label[1]/input
2018-09-28 15:58:14,304 find_element.py--> get_element 20: INFO ----->定位方式:xpath--->定位值://ul[@class="model_list"]/li[1]/label[2]/input
2018-09-28 15:58:14,365 find_element.py--> get_element 20: INFO ----->定位方式:xpath--->定位值://ul[@class="model_list"]/li[1]/input
2018-09-28 15:58:14,518 find_element.py--> get_element 20: INFO ----->定位方式:xpath--->定位值://ul[@class="img_list clear"]//li[1]/div
2018-09-28 15:58:17,551 find_element.py--> get_element 20: INFO ----->定位方式:xpath--->定位值://ul[@class="img_list clear"]//li[2]/div
2018-09-28 15:58:23,546 find_element.py--> get_element 20: INFO ----->定位方式:xpath--->定位值://div[@class="logisticsInfo"]/following-sibling::button/span
2018-09-28 16:46:34,987 find_element.py--> get_element 20: INFO ----->定位方式:xpath--->定位值://div[@class="login"]/div[2]/input
2018-09-28 16:46:35,121 find_element.py--> get_element 20: INFO ----->定位方式:xpath--->定位值://div[@class="login"]/div[3]/input
2018-09-28 16:46:35,191 find_element.py--> get_element 20: INFO ----->定位方式:xpath--->定位值://div[@class="login"]/div[5]
2018-09-28 16:46:39,349 find_element.py--> get_element 20: INFO ----->定位方式:xpath--->定位值://div[@class="search"]/button[2]
2018-09-28 16:51:29,448 find_element.py--> get_element 20: INFO ----->定位方式:xpath--->定位值://div[@class="login"]/div[2]/input
2018-09-28 16:51:29,612 find_element.py--> get_element 20: INFO ----->定位方式:xpath--->定位值://div[@class="login"]/div[3]/input
2018-09-28 16:51:29,704 find_element.py--> get_element 20: INFO ----->定位方式:xpath--->定位值://div[@class="login"]/div[5]
2018-09-28 16:51:33,829 find_element.py--> get_element 20: INFO ----->定位方式:xpath--->定位值://div[@class="search"]/button[2]
2018-09-28 16:51:36,022 find_element.py--> get_element 20: INFO ----->定位方式:xpath--->定位值://ul[@class="addUser"]/li[1]/input
2018-09-28 16:51:36,143 find_element.py--> get_element 20: INFO ----->定位方式:xpath--->定位值://ul[@class="addUser"]/li[2]/div/span[2]
2018-09-28 16:51:36,200 find_element.py--> get_element 20: INFO ----->定位方式:xpath--->定位值://ul[@class="addUser"]/li[3]/div/input
2018-09-28 16:51:36,299 find_element.py--> get_element 20: INFO ----->定位方式:xpath--->定位值://ul[@class="addUser"]/li[4]/input
2018-09-28 16:51:36,381 find_element.py--> get_element 20: INFO ----->定位方式:xpath--->定位值://div[@id="info"]/following-sibling::div/button[2]
2018-09-28 16:51:39,449 find_element.py--> get_element 20: INFO ----->定位方式:xpath--->定位值://div[@class="tab-box"]/div[2]/ul/li/div[2]/img
2018-09-28 16:51:41,549 find_element.py--> get_element 20: INFO ----->定位方式:xpath--->定位值://li[@class="data-upload"]/div[1]/div[2]/ul[1]/li[2]
2018-09-28 16:51:41,655 find_element.py--> get_element 20: INFO ----->定位方式:xpath--->定位值://li[@class="data-upload"]/div[1]/div[2]/ul[2]/li[2]/input
2018-09-28 16:51:41,737 find_element.py--> get_element 20: INFO ----->定位方式:xpath--->定位值://ul[@class="caseImg"]/li[1]/div[2]/ul/li[1]//img
2018-09-28 16:53:07,792 find_element.py--> get_element 20: INFO ----->定位方式:xpath--->定位值://div[@class="login"]/div[2]/input
2018-09-28 16:53:07,829 find_element.py--> get_element 20: INFO ----->定位方式:xpath--->定位值://div[@class="login"]/div[3]/input
2018-09-28 16:53:07,877 find_element.py--> get_element 20: INFO ----->定位方式:xpath--->定位值://div[@class="login"]/div[5]
2018-09-28 16:53:12,179 find_element.py--> get_element 20: INFO ----->定位方式:xpath--->定位值://div[@class="search"]/button[2]
2018-09-28 16:53:14,433 find_element.py--> get_element 20: INFO ----->定位方式:xpath--->定位值://ul[@class="addUser"]/li[1]/input
2018-09-28 16:53:14,503 find_element.py--> get_element 20: INFO ----->定位方式:xpath--->定位值://ul[@class="addUser"]/li[2]/div/span[2]
2018-09-28 16:53:14,742 find_element.py--> get_element 20: INFO ----->定位方式:xpath--->定位值://ul[@class="addUser"]/li[3]/div/input
2018-09-28 16:53:14,760 find_element.py--> get_element 20: INFO ----->定位方式:xpath--->定位值://ul[@class="addUser"]/li[4]/input
2018-09-28 16:53:14,825 find_element.py--> get_element 20: INFO ----->定位方式:xpath--->定位值://div[@id="info"]/following-sibling::div/button[2]
2018-09-28 16:53:18,185 find_element.py--> get_element 20: INFO ----->定位方式:xpath--->定位值://div[@class="tab-box"]/div[2]/ul/li/div[2]/img
2018-09-28 16:53:20,449 find_element.py--> get_element 20: INFO ----->定位方式:xpath--->定位值://li[@class="data-upload"]/div[1]/div[2]/ul[1]/li[2]
2018-09-28 16:53:20,728 find_element.py--> get_element 20: INFO ----->定位方式:xpath--->定位值://li[@class="data-upload"]/div[1]/div[2]/ul[2]/li[2]/input
2018-09-28 16:53:20,820 find_element.py--> get_element 20: INFO ----->定位方式:xpath--->定位值://ul[@class="caseImg"]/li[1]/div[2]/ul/li[1]//img
2018-09-28 16:57:49,451 find_element.py--> get_element 20: INFO ----->定位方式:xpath--->定位值://div[@class="login"]/div[2]/input
2018-09-28 16:57:49,526 find_element.py--> get_element 20: INFO ----->定位方式:xpath--->定位值://div[@class="login"]/div[3]/input
2018-09-28 16:57:49,566 find_element.py--> get_element 20: INFO ----->定位方式:xpath--->定位值://div[@class="login"]/div[5]
2018-09-28 16:57:53,877 find_element.py--> get_element 20: INFO ----->定位方式:xpath--->定位值://div[@class="search"]/button[2]
2018-09-28 16:57:56,281 find_element.py--> get_element 20: INFO ----->定位方式:xpath--->定位值://ul[@class="addUser"]/li[1]/input
2018-09-28 16:57:56,356 find_element.py--> get_element 20: INFO ----->定位方式:xpath--->定位值://ul[@class="addUser"]/li[2]/div/span[2]
2018-09-28 16:57:56,585 find_element.py--> get_element 20: INFO ----->定位方式:xpath--->定位值://ul[@class="addUser"]/li[3]/div/input
2018-09-28 16:57:56,646 find_element.py--> get_element 20: INFO ----->定位方式:xpath--->定位值://ul[@class="addUser"]/li[4]/input
2018-09-28 16:57:56,732 find_element.py--> get_element 20: INFO ----->定位方式:xpath--->定位值://div[@id="info"]/following-sibling::div/button[2]
2018-09-28 16:58:00,105 find_element.py--> get_element 20: INFO ----->定位方式:xpath--->定位值://div[@class="tab-box"]/div[2]/ul/li/div[2]/img
2018-09-28 16:58:02,366 find_element.py--> get_element 20: INFO ----->定位方式:xpath--->定位值://li[@class="data-upload"]/div[1]/div[2]/ul[1]/li[2]
2018-09-28 16:58:02,651 find_element.py--> get_element 20: INFO ----->定位方式:xpath--->定位值://li[@class="data-upload"]/div[1]/div[2]/ul[2]/li[2]/input
2018-09-28 16:58:02,685 find_element.py--> get_element 20: INFO ----->定位方式:xpath--->定位值://ul[@class="caseImg"]/li[1]/div[2]/ul/li[1]//div/div/div
2018-09-28 16:58:05,693 find_element.py--> get_element 20: INFO ----->定位方式:xpath--->定位值://ul[@class="caseImg"]/li[1]/div[2]/ul/li[2]//div/div/div
2018-09-28 16:58:08,720 find_element.py--> get_element 20: INFO ----->定位方式:xpath--->定位值://ul[@class="caseImg"]/li[1]/div[2]/ul/li[3]//div/div/div
2018-09-28 16:58:11,401 find_element.py--> get_element 20: INFO ----->定位方式:xpath--->定位值://ul[@class="caseImg"]/li[1]/div[2]/ul/li[4]//div/div/div
2018-09-28 16:58:14,138 find_element.py--> get_element 20: INFO ----->定位方式:xpath--->定位值://ul[@class="caseImg"]/li[2]/div[2]/ul/li[1]//div/div/div
2018-09-28 16:58:54,056 find_element.py--> get_element 20: INFO ----->定位方式:xpath--->定位值://div[@class="login"]/div[2]/input
2018-09-28 16:58:54,308 find_element.py--> get_element 20: INFO ----->定位方式:xpath--->定位值://div[@class="login"]/div[3]/input
2018-09-28 16:58:54,394 find_element.py--> get_element 20: INFO ----->定位方式:xpath--->定位值://div[@class="login"]/div[5]
2018-09-28 16:58:58,535 find_element.py--> get_element 20: INFO ----->定位方式:xpath--->定位值://div[@class="search"]/button[2]
2018-09-28 16:59:00,639 find_element.py--> get_element 20: INFO ----->定位方式:xpath--->定位值://ul[@class="addUser"]/li[1]/input
2018-09-28 16:59:00,783 find_element.py--> get_element 20: INFO ----->定位方式:xpath--->定位值://ul[@class="addUser"]/li[2]/div/span[2]
2018-09-28 16:59:00,846 find_element.py--> get_element 20: INFO ----->定位方式:xpath--->定位值://ul[@class="addUser"]/li[3]/div/input
2018-09-28 16:59:00,945 find_element.py--> get_element 20: INFO ----->定位方式:xpath--->定位值://ul[@class="addUser"]/li[4]/input
2018-09-28 16:59:01,043 find_element.py--> get_element 20: INFO ----->定位方式:xpath--->定位值://div[@id="info"]/following-sibling::div/button[2]
2018-09-28 16:59:04,112 find_element.py--> get_element 20: INFO ----->定位方式:xpath--->定位值://div[@class="tab-box"]/div[2]/ul/li/div[2]/img
2018-09-28 16:59:33,419 find_element.py--> get_element 20: INFO ----->定位方式:xpath--->定位值://div[@class="login"]/div[2]/input
2018-09-28 16:59:33,521 find_element.py--> get_element 20: INFO ----->定位方式:xpath--->定位值://div[@class="login"]/div[3]/input
2018-09-28 16:59:33,597 find_element.py--> get_element 20: INFO ----->定位方式:xpath--->定位值://div[@class="login"]/div[5]
2018-09-28 16:59:37,733 find_element.py--> get_element 20: INFO ----->定位方式:xpath--->定位值://div[@class="search"]/button[2]
2018-09-28 16:59:39,874 find_element.py--> get_element 20: INFO ----->定位方式:xpath--->定位值://ul[@class="addUser"]/li[1]/input
2018-09-28 16:59:39,988 find_element.py--> get_element 20: INFO ----->定位方式:xpath--->定位值://ul[@class="addUser"]/li[2]/div/span[2]
2018-09-28 16:59:40,052 find_element.py--> get_element 20: INFO ----->定位方式:xpath--->定位值://ul[@class="addUser"]/li[3]/div/input
2018-09-28 16:59:40,153 find_element.py--> get_element 20: INFO ----->定位方式:xpath--->定位值://ul[@class="addUser"]/li[4]/input
2018-09-28 16:59:40,236 find_element.py--> get_element 20: INFO ----->定位方式:xpath--->定位值://div[@id="info"]/following-sibling::div/button[2]
2018-09-28 16:59:43,304 find_element.py--> get_element 20: INFO ----->定位方式:xpath--->定位值://div[@class="tab-box"]/div[2]/ul/li/div[2]/img
2018-09-28 16:59:45,416 find_element.py--> get_element 20: INFO ----->定位方式:xpath--->定位值://li[@class="data-upload"]/div[1]/div[2]/ul[1]/li[2]
2018-09-28 16:59:45,512 find_element.py--> get_element 20: INFO ----->定位方式:xpath--->定位值://li[@class="data-upload"]/div[1]/div[2]/ul[2]/li[2]/input
2018-09-28 16:59:45,592 find_element.py--> get_element 20: INFO ----->定位方式:xpath--->定位值://ul[@class="caseImg"]/li[1]/div[2]/ul/li[1]//div/div/div
2018-09-28 16:59:48,444 find_element.py--> get_element 20: INFO ----->定位方式:xpath--->定位值://ul[@class="caseImg"]/li[1]/div[2]/ul/li[2]//div/div/div
2018-09-28 16:59:51,525 find_element.py--> get_element 20: INFO ----->定位方式:xpath--->定位值://ul[@class="caseImg"]/li[1]/div[2]/ul/li[3]//div/div/div
2018-09-28 16:59:54,479 find_element.py--> get_element 20: INFO ----->定位方式:xpath--->定位值://ul[@class="caseImg"]/li[1]/div[2]/ul/li[4]//div/div/div
2018-09-28 16:59:57,516 find_element.py--> get_element 20: INFO ----->定位方式:xpath--->定位值://ul[@class="caseImg"]/li[2]/div[2]/ul/li[1]//div/div/div
2018-09-28 17:00:01,265 find_element.py--> get_element 20: INFO ----->定位方式:xpath--->定位值://ul[@class="caseImg"]/li[2]/div[2]/ul/li[2]//div/div/div
2018-09-28 17:00:04,447 find_element.py--> get_element 20: INFO ----->定位方式:xpath--->定位值://ul[@class="caseImg"]/li[2]/div[2]/ul/li[3]//div/div/div
2018-09-28 17:00:07,693 find_element.py--> get_element 20: INFO ----->定位方式:xpath--->定位值://ul[@class="caseImg"]/li[2]/div[2]/ul/li[4]//div/div/div
2018-09-28 17:00:10,854 find_element.py--> get_element 20: INFO ----->定位方式:xpath--->定位值://ul[@class="caseImg"]/li[2]/div[2]/ul/li[5]//div/div/div
2018-09-28 17:00:14,101 find_element.py--> get_element 20: INFO ----->定位方式:xpath--->定位值://ul[@class="caseImg"]/li[3]//ul/li[1]//div/div/div
2018-09-28 17:00:17,401 find_element.py--> get_element 20: INFO ----->定位方式:xpath--->定位值://ul[@class="caseImg"]/li[3]//ul/li[2]//div/div/div
2018-09-28 17:00:23,642 find_element.py--> get_element 20: INFO ----->定位方式:xpath--->定位值://div[@class="button-box"]/button[3]
2018-09-28 17:00:25,785 find_element.py--> get_element 20: INFO ----->定位方式:xpath--->定位值://li[@class="prescription"]/ul/li[1]//textarea
2018-09-28 17:00:25,866 find_element.py--> get_element 20: INFO ----->定位方式:xpath--->定位值://li[@class="prescription"]/ul/li[2]//textarea
2018-09-28 17:00:25,913 find_element.py--> get_element 20: INFO ----->定位方式:xpath--->定位值://li[@class="prescription"]/ul/li[3]//textarea
2018-09-28 17:00:25,962 find_element.py--> get_element 20: INFO ----->定位方式:xpath--->定位值://li[@class="prescription"]/ul/li[4]//textarea
2018-09-28 17:00:26,014 find_element.py--> get_element 20: INFO ----->定位方式:xpath--->定位值://div[@class="tab-list"]/ul/li[3]/div[2]/button[2]
2018-09-28 17:00:29,075 find_element.py--> get_element 20: INFO ----->定位方式:xpath--->定位值://li[@class="submitCase-box"]/button
2018-09-28 18:25:20,466 find_element.py--> get_element 20: INFO ----->定位方式:xpath--->定位值://div[@class="login"]/div[2]/input
2018-09-28 18:25:20,627 find_element.py--> get_element 20: INFO ----->定位方式:xpath--->定位值://div[@class="login"]/div[3]/input
2018-09-28 18:25:20,699 find_element.py--> get_element 20: INFO ----->定位方式:xpath--->定位值://div[@class="login"]/div[5]
2018-09-28 18:25:24,788 find_element.py--> get_element 20: INFO ----->定位方式:xpath--->定位值://div[@class="search"]/button[2]
2018-09-28 18:25:26,884 find_element.py--> get_element 20: INFO ----->定位方式:xpath--->定位值://ul[@class="addUser"]/li[1]/input
2018-09-28 18:25:26,995 find_element.py--> get_element 20: INFO ----->定位方式:xpath--->定位值://ul[@class="addUser"]/li[2]/div/span[2]
2018-09-28 18:25:27,065 find_element.py--> get_element 20: INFO ----->定位方式:xpath--->定位值://ul[@class="addUser"]/li[3]/div/input
2018-09-28 18:25:27,169 find_element.py--> get_element 20: INFO ----->定位方式:xpath--->定位值://ul[@class="addUser"]/li[4]/input
2018-09-28 18:25:27,258 find_element.py--> get_element 20: INFO ----->定位方式:xpath--->定位值://div[@id="info"]/following-sibling::div/button[2]
2018-09-28 18:25:30,317 find_element.py--> get_element 20: INFO ----->定位方式:xpath--->定位值://div[@class="tab-box"]/div[2]/ul/li/div[2]/img
2018-09-28 18:25:32,436 find_element.py--> get_element 20: INFO ----->定位方式:xpath--->定位值://li[@class="data-upload"]/div[1]/div[2]/ul[1]/li[2]
2018-09-28 18:25:32,526 find_element.py--> get_element 20: INFO ----->定位方式:xpath--->定位值://li[@class="data-upload"]/div[1]/div[2]/ul[2]/li[2]/input
2018-09-28 18:25:32,610 find_element.py--> get_element 20: INFO ----->定位方式:xpath--->定位值://ul[@class="caseImg"]/li[1]/div[2]/ul/li[1]//div/div/div
2018-09-28 18:25:35,588 find_element.py--> get_element 20: INFO ----->定位方式:xpath--->定位值://ul[@class="caseImg"]/li[1]/div[2]/ul/li[2]//div/div/div
2018-09-28 18:25:38,810 find_element.py--> get_element 20: INFO ----->定位方式:xpath--->定位值://ul[@class="caseImg"]/li[1]/div[2]/ul/li[3]//div/div/div
2018-09-28 18:25:41,995 find_element.py--> get_element 20: INFO ----->定位方式:xpath--->定位值://ul[@class="caseImg"]/li[1]/div[2]/ul/li[4]//div/div/div
2018-09-28 18:25:45,196 find_element.py--> get_element 20: INFO ----->定位方式:xpath--->定位值://ul[@class="caseImg"]/li[2]/div[2]/ul/li[1]//div/div/div
2018-09-28 18:25:49,000 find_element.py--> get_element 20: INFO ----->定位方式:xpath--->定位值://ul[@class="caseImg"]/li[2]/div[2]/ul/li[2]//div/div/div
2018-09-28 18:25:52,208 find_element.py--> get_element 20: INFO ----->定位方式:xpath--->定位值://ul[@class="caseImg"]/li[2]/div[2]/ul/li[3]//div/div/div
2018-09-28 18:25:55,422 find_element.py--> get_element 20: INFO ----->定位方式:xpath--->定位值://ul[@class="caseImg"]/li[2]/div[2]/ul/li[4]//div/div/div
2018-09-28 18:25:58,593 find_element.py--> get_element 20: INFO ----->定位方式:xpath--->定位值://ul[@class="caseImg"]/li[2]/div[2]/ul/li[5]//div/div/div
2018-09-28 18:26:01,817 find_element.py--> get_element 20: INFO ----->定位方式:xpath--->定位值://ul[@class="caseImg"]/li[3]//ul/li[1]//div/div/div
2018-09-28 18:26:05,087 find_element.py--> get_element 20: INFO ----->定位方式:xpath--->定位值://ul[@class="caseImg"]/li[3]//ul/li[2]//div/div/div
2018-09-28 18:26:11,334 find_element.py--> get_element 20: INFO ----->定位方式:xpath--->定位值://div[@class="button-box"]/button[3]
2018-09-28 18:26:13,437 find_element.py--> get_element 20: INFO ----->定位方式:xpath--->定位值://li[@class="prescription"]/ul/li[1]//textarea
2018-09-28 18:26:13,592 find_element.py--> get_element 20: INFO ----->定位方式:xpath--->定位值://li[@class="prescription"]/ul/li[2]//textarea
2018-09-28 18:26:13,639 find_element.py--> get_element 20: INFO ----->定位方式:xpath--->定位值://li[@class="prescription"]/ul/li[3]//textarea
2018-09-28 18:26:13,688 find_element.py--> get_element 20: INFO ----->定位方式:xpath--->定位值://li[@class="prescription"]/ul/li[4]//textarea
2018-09-28 18:26:13,749 find_element.py--> get_element 20: INFO ----->定位方式:xpath--->定位值://div[@class="tab-list"]/ul/li[3]/div[2]/button[2]
2018-09-28 18:26:16,808 find_element.py--> get_element 20: INFO ----->定位方式:xpath--->定位值://li[@class="submitCase-box"]/button
2018-09-28 18:29:54,212 find_element.py--> get_element 20: INFO ----->定位方式:xpath--->定位值://div[@class="login"]/div[2]/input
2018-09-28 18:29:54,322 find_element.py--> get_element 20: INFO ----->定位方式:xpath--->定位值://div[@class="login"]/div[3]/input
2018-09-28 18:29:54,412 find_element.py--> get_element 20: INFO ----->定位方式:xpath--->定位值://div[@class="login"]/div[5]
2018-09-28 18:29:58,556 find_element.py--> get_element 20: INFO ----->定位方式:xpath--->定位值://div[@class="search"]/button[2]
2018-09-28 18:30:00,737 find_element.py--> get_element 20: INFO ----->定位方式:xpath--->定位值://ul[@class="addUser"]/li[1]/input
2018-09-28 18:30:00,868 find_element.py--> get_element 20: INFO ----->定位方式:xpath--->定位值://ul[@class="addUser"]/li[2]/div/span[2]
2018-09-28 18:30:00,935 find_element.py--> get_element 20: INFO ----->定位方式:xpath--->定位值://ul[@class="addUser"]/li[3]/div/input
2018-09-28 18:30:01,038 find_element.py--> get_element 20: INFO ----->定位方式:xpath--->定位值://ul[@class="addUser"]/li[4]/input
2018-09-28 18:30:01,123 find_element.py--> get_element 20: INFO ----->定位方式:xpath--->定位值://div[@id="info"]/following-sibling::div/button[2]
2018-09-28 18:30:04,183 find_element.py--> get_element 20: INFO ----->定位方式:xpath--->定位值://div[@class="tab-box"]/div[2]/ul/li/div[2]/img
2018-09-28 18:30:06,237 find_element.py--> get_element 20: INFO ----->定位方式:xpath--->定位值://li[@class="data-upload"]/div[1]/div[2]/ul[1]/li[2]
2018-09-28 18:30:06,344 find_element.py--> get_element 20: INFO ----->定位方式:xpath--->定位值://li[@class="data-upload"]/div[1]/div[2]/ul[2]/li[2]/input
2018-09-28 18:30:06,436 find_element.py--> get_element 20: INFO ----->定位方式:xpath--->定位值://ul[@class="caseImg"]/li[1]/div[2]/ul/li[1]//div/div/div
2018-09-28 18:30:09,320 find_element.py--> get_element 20: INFO ----->定位方式:xpath--->定位值://ul[@class="caseImg"]/li[1]/div[2]/ul/li[2]//div/div/div
2018-09-28 18:30:12,533 find_element.py--> get_element 20: INFO ----->定位方式:xpath--->定位值://ul[@class="caseImg"]/li[1]/div[2]/ul/li[3]//div/div/div
2018-09-28 18:30:15,473 find_element.py--> get_element 20: INFO ----->定位方式:xpath--->定位值://ul[@class="caseImg"]/li[1]/div[2]/ul/li[4]//div/div/div
2018-09-28 18:30:18,489 find_element.py--> get_element 20: INFO ----->定位方式:xpath--->定位值://ul[@class="caseImg"]/li[2]/div[2]/ul/li[1]//div/div/div
2018-09-28 18:30:21,570 find_element.py--> get_element 20: INFO ----->定位方式:xpath--->定位值://ul[@class="caseImg"]/li[2]/div[2]/ul/li[2]//div/div/div
2018-09-28 18:30:24,638 find_element.py--> get_element 20: INFO ----->定位方式:xpath--->定位值://ul[@class="caseImg"]/li[2]/div[2]/ul/li[3]//div/div/div
2018-09-28 18:30:27,731 find_element.py--> get_element 20: INFO ----->定位方式:xpath--->定位值://ul[@class="caseImg"]/li[2]/div[2]/ul/li[4]//div/div/div
2018-09-28 18:30:30,801 find_element.py--> get_element 20: INFO ----->定位方式:xpath--->定位值://ul[@class="caseImg"]/li[2]/div[2]/ul/li[5]//div/div/div
2018-09-28 18:30:33,939 find_element.py--> get_element 20: INFO ----->定位方式:xpath--->定位值://ul[@class="caseImg"]/li[3]//ul/li[1]//div/div/div
2018-09-28 18:30:36,870 find_element.py--> get_element 20: INFO ----->定位方式:xpath--->定位值://ul[@class="caseImg"]/li[3]//ul/li[2]//div/div/div
2018-09-28 18:30:42,970 find_element.py--> get_element 20: INFO ----->定位方式:xpath--->定位值://div[@class="button-box"]/button[3]
2018-09-28 18:30:45,076 find_element.py--> get_element 20: INFO ----->定位方式:xpath--->定位值://li[@class="prescription"]/ul/li[1]//textarea
2018-09-28 18:30:45,225 find_element.py--> get_element 20: INFO ----->定位方式:xpath--->定位值://li[@class="prescription"]/ul/li[2]//textarea
2018-09-28 18:30:45,273 find_element.py--> get_element 20: INFO ----->定位方式:xpath--->定位值://li[@class="prescription"]/ul/li[3]//textarea
2018-09-28 18:30:45,323 find_element.py--> get_element 20: INFO ----->定位方式:xpath--->定位值://li[@class="prescription"]/ul/li[4]//textarea
2018-09-28 18:30:45,382 find_element.py--> get_element 20: INFO ----->定位方式:xpath--->定位值://div[@class="tab-list"]/ul/li[3]/div[2]/button[2]
2018-09-28 18:30:48,443 find_element.py--> get_element 20: INFO ----->定位方式:xpath--->定位值://li[@class="submitCase-box"]/button
2018-09-28 18:51:39,609 find_element.py--> get_element 20: INFO ----->定位方式:xpath--->定位值://div[@class="login"]/div[2]/input
2018-09-28 18:51:39,768 find_element.py--> get_element 20: INFO ----->定位方式:xpath--->定位值://div[@class="login"]/div[3]/input
2018-09-28 18:51:39,839 find_element.py--> get_element 20: INFO ----->定位方式:xpath--->定位值://div[@class="login"]/div[5]
2018-09-28 18:51:43,993 find_element.py--> get_element 20: INFO ----->定位方式:xpath--->定位值://div[@class="search"]/button[2]
2018-09-28 18:51:46,124 find_element.py--> get_element 20: INFO ----->定位方式:xpath--->定位值://ul[@class="addUser"]/li[1]/input
2018-09-28 18:55:18,468 find_element.py--> get_element 20: INFO ----->定位方式:xpath--->定位值://div[@class="login"]/div[2]/input
2018-09-28 18:55:18,554 find_element.py--> get_element 20: INFO ----->定位方式:xpath--->定位值://div[@class="login"]/div[3]/input
2018-09-28 18:55:18,644 find_element.py--> get_element 20: INFO ----->定位方式:xpath--->定位值://div[@class="login"]/div[5]
2018-09-28 18:55:22,750 find_element.py--> get_element 20: INFO ----->定位方式:xpath--->定位值://div[@class="search"]/button[2]
2018-09-28 18:55:24,830 find_element.py--> get_element 20: INFO ----->定位方式:xpath--->定位值://ul[@class="addUser"]/li[1]/input
2018-09-28 18:55:24,926 find_element.py--> get_element 20: INFO ----->定位方式:xpath--->定位值://ul[@class="addUser"]/li[2]/div/span[2]
2018-09-28 18:55:24,982 find_element.py--> get_element 20: INFO ----->定位方式:xpath--->定位值://ul[@class="addUser"]/li[3]/div/input
2018-09-28 18:55:25,086 find_element.py--> get_element 20: INFO ----->定位方式:xpath--->定位值://ul[@class="addUser"]/li[4]/input
2018-09-28 18:55:25,185 find_element.py--> get_element 20: INFO ----->定位方式:xpath--->定位值://div[@id="info"]/following-sibling::div/button[2]
2018-09-28 18:55:28,253 find_element.py--> get_element 20: INFO ----->定位方式:xpath--->定位值://div[@class="tab-box"]/div[2]/ul/li/div[2]/img
2018-09-28 18:55:30,311 find_element.py--> get_element 20: INFO ----->定位方式:xpath--->定位值://li[@class="data-upload"]/div[1]/div[2]/ul[1]/li[2]
2018-09-28 18:55:30,414 find_element.py--> get_element 20: INFO ----->定位方式:xpath--->定位值://li[@class="data-upload"]/div[1]/div[2]/ul[2]/li[2]/input
2018-09-28 18:55:30,497 find_element.py--> get_element 20: INFO ----->定位方式:xpath--->定位值://ul[@class="caseImg"]/li[1]/div[2]/ul/li[1]//div/div/div
2018-09-28 18:55:33,397 find_element.py--> get_element 20: INFO ----->定位方式:xpath--->定位值://ul[@class="caseImg"]/li[1]/div[2]/ul/li[2]//div/div/div
2018-09-28 18:55:36,465 find_element.py--> get_element 20: INFO ----->定位方式:xpath--->定位值://ul[@class="caseImg"]/li[1]/div[2]/ul/li[3]//div/div/div
2018-09-28 18:55:39,758 find_element.py--> get_element 20: INFO ----->定位方式:xpath--->定位值://ul[@class="caseImg"]/li[1]/div[2]/ul/li[4]//div/div/div
2018-09-28 18:55:42,857 find_element.py--> get_element 20: INFO ----->定位方式:xpath--->定位值://ul[@class="caseImg"]/li[2]/div[2]/ul/li[1]//div/div/div
2018-09-28 18:55:46,029 find_element.py--> get_element 20: INFO ----->定位方式:xpath--->定位值://ul[@class="caseImg"]/li[2]/div[2]/ul/li[2]//div/div/div
2018-09-28 18:55:49,138 find_element.py--> get_element 20: INFO ----->定位方式:xpath--->定位值://ul[@class="caseImg"]/li[2]/div[2]/ul/li[3]//div/div/div
2018-09-28 18:55:52,242 find_element.py--> get_element 20: INFO ----->定位方式:xpath--->定位值://ul[@class="caseImg"]/li[2]/div[2]/ul/li[4]//div/div/div
2018-09-28 18:55:55,430 find_element.py--> get_element 20: INFO ----->定位方式:xpath--->定位值://ul[@class="caseImg"]/li[2]/div[2]/ul/li[5]//div/div/div
2018-09-28 18:55:58,482 find_element.py--> get_element 20: INFO ----->定位方式:xpath--->定位值://ul[@class="caseImg"]/li[3]//ul/li[1]//div/div/div
2018-09-28 18:56:01,714 find_element.py--> get_element 20: INFO ----->定位方式:xpath--->定位值://ul[@class="caseImg"]/li[3]//ul/li[2]//div/div/div
2018-09-28 18:56:07,799 find_element.py--> get_element 20: INFO ----->定位方式:xpath--->定位值://div[@class="button-box"]/button[3]
2018-09-28 18:56:09,858 find_element.py--> get_element 20: INFO ----->定位方式:xpath--->定位值://li[@class="prescription"]/ul/li[1]//textarea
2018-09-28 18:56:09,981 find_element.py--> get_element 20: INFO ----->定位方式:xpath--->定位值://li[@class="prescription"]/ul/li[2]//textarea
2018-09-28 18:56:10,028 find_element.py--> get_element 20: INFO ----->定位方式:xpath--->定位值://li[@class="prescription"]/ul/li[3]//textarea
2018-09-28 18:56:10,088 find_element.py--> get_element 20: INFO ----->定位方式:xpath--->定位值://li[@class="prescription"]/ul/li[4]//textarea
2018-09-28 18:56:10,139 find_element.py--> get_element 20: INFO ----->定位方式:xpath--->定位值://div[@class="tab-list"]/ul/li[3]/div[2]/button[2]
2018-09-28 18:56:13,208 find_element.py--> get_element 20: INFO ----->定位方式:xpath--->定位值://li[@class="submitCase-box"]/button
2018-09-28 18:56:39,797 find_element.py--> get_element 20: INFO ----->定位方式:xpath--->定位值://div[@class="login"]/div[2]/input
2018-09-28 18:56:39,963 find_element.py--> get_element 20: INFO ----->定位方式:xpath--->定位值://div[@class="login"]/div[3]/input
2018-09-28 18:56:40,031 find_element.py--> get_element 20: INFO ----->定位方式:xpath--->定位值://div[@class="login"]/div[5]
2018-09-28 18:56:44,159 find_element.py--> get_element 20: INFO ----->定位方式:xpath--->定位值://div[@class="search"]/button[2]
2018-09-28 18:56:46,538 find_element.py--> get_element 20: INFO ----->定位方式:xpath--->定位值://ul[@class="addUser"]/li[1]/input
2018-09-28 18:56:46,682 find_element.py--> get_element 20: INFO ----->定位方式:xpath--->定位值://ul[@class="addUser"]/li[2]/div/span[2]
2018-09-28 18:56:46,747 find_element.py--> get_element 20: INFO ----->定位方式:xpath--->定位值://ul[@class="addUser"]/li[3]/div/input
2018-09-28 18:56:46,846 find_element.py--> get_element 20: INFO ----->定位方式:xpath--->定位值://ul[@class="addUser"]/li[4]/input
2018-09-28 18:56:46,936 find_element.py--> get_element 20: INFO ----->定位方式:xpath--->定位值://div[@id="info"]/following-sibling::div/button[2]
2018-09-28 18:56:50,014 find_element.py--> get_element 20: INFO ----->定位方式:xpath--->定位值://div[@class="tab-box"]/div[2]/ul/li/div[2]/img
2018-09-28 18:56:52,163 find_element.py--> get_element 20: INFO ----->定位方式:xpath--->定位值://li[@class="data-upload"]/div[1]/div[2]/ul[1]/li[2]
2018-09-28 18:56:52,286 find_element.py--> get_element 20: INFO ----->定位方式:xpath--->定位值://li[@class="data-upload"]/div[1]/div[2]/ul[2]/li[2]/input
2018-09-28 18:56:52,381 find_element.py--> get_element 20: INFO ----->定位方式:xpath--->定位值://ul[@class="caseImg"]/li[1]/div[2]/ul/li[1]//div/div/div
2018-09-28 18:56:55,264 find_element.py--> get_element 20: INFO ----->定位方式:xpath--->定位值://ul[@class="caseImg"]/li[1]/div[2]/ul/li[2]//div/div/div
2018-09-28 18:56:58,380 find_element.py--> get_element 20: INFO ----->定位方式:xpath--->定位值://ul[@class="caseImg"]/li[1]/div[2]/ul/li[3]//div/div/div
2018-09-28 18:57:01,534 find_element.py--> get_element 20: INFO ----->定位方式:xpath--->定位值://ul[@class="caseImg"]/li[1]/div[2]/ul/li[4]//div/div/div
2018-09-28 18:57:04,609 find_element.py--> get_element 20: INFO ----->定位方式:xpath--->定位值://ul[@class="caseImg"]/li[2]/div[2]/ul/li[1]//div/div/div
2018-09-28 18:57:07,575 find_element.py--> get_element 20: INFO ----->定位方式:xpath--->定位值://ul[@class="caseImg"]/li[2]/div[2]/ul/li[2]//div/div/div
2018-09-28 18:57:10,630 find_element.py--> get_element 20: INFO ----->定位方式:xpath--->定位值://ul[@class="caseImg"]/li[2]/div[2]/ul/li[3]//div/div/div
2018-09-28 18:57:13,549 find_element.py--> get_element 20: INFO ----->定位方式:xpath--->定位值://ul[@class="caseImg"]/li[2]/div[2]/ul/li[4]//div/div/div
2018-09-28 18:57:16,590 find_element.py--> get_element 20: INFO ----->定位方式:xpath--->定位值://ul[@class="caseImg"]/li[2]/div[2]/ul/li[5]//div/div/div
2018-09-28 18:57:19,801 find_element.py--> get_element 20: INFO ----->定位方式:xpath--->定位值://ul[@class="caseImg"]/li[3]//ul/li[1]//div/div/div
2018-09-28 18:57:22,788 find_element.py--> get_element 20: INFO ----->定位方式:xpath--->定位值://ul[@class="caseImg"]/li[3]//ul/li[2]//div/div/div
2018-09-28 18:57:28,978 find_element.py--> get_element 20: INFO ----->定位方式:xpath--->定位值://div[@class="button-box"]/button[3]
2018-09-28 18:57:31,117 find_element.py--> get_element 20: INFO ----->定位方式:xpath--->定位值://li[@class="prescription"]/ul/li[1]//textarea
2018-09-28 18:57:31,267 find_element.py--> get_element 20: INFO ----->定位方式:xpath--->定位值://li[@class="prescription"]/ul/li[2]//textarea
2018-09-28 18:57:31,316 find_element.py--> get_element 20: INFO ----->定位方式:xpath--->定位值://li[@class="prescription"]/ul/li[3]//textarea
2018-09-28 18:57:31,367 find_element.py--> get_element 20: INFO ----->定位方式:xpath--->定位值://li[@class="prescription"]/ul/li[4]//textarea
2018-09-28 18:57:31,420 find_element.py--> get_element 20: INFO ----->定位方式:xpath--->定位值://div[@class="tab-list"]/ul/li[3]/div[2]/button[2]
2018-09-28 18:57:34,483 find_element.py--> get_element 20: INFO ----->定位方式:xpath--->定位值://li[@class="submitCase-box"]/button
2018-09-28 19:50:34,414 find_element.py--> get_element 20: INFO ----->定位方式:xpath--->定位值://div[@class="login"]/div[2]/input
2018-09-28 19:50:34,614 find_element.py--> get_element 20: INFO ----->定位方式:xpath--->定位值://div[@class="login"]/div[3]/input
2018-09-28 19:50:34,697 find_element.py--> get_element 20: INFO ----->定位方式:xpath--->定位值://div[@class="login"]/div[5]
2018-09-28 19:50:38,786 find_element.py--> get_element 20: INFO ----->定位方式:xpath--->定位值://div[@class="search"]/button[2]
2018-09-28 19:50:40,893 find_element.py--> get_element 20: INFO ----->定位方式:xpath--->定位值://ul[@class="addUser"]/li[1]/input
2018-09-28 19:50:40,997 find_element.py--> get_element 20: INFO ----->定位方式:xpath--->定位值://ul[@class="addUser"]/li[2]/div/span[2]
2018-09-28 19:50:41,052 find_element.py--> get_element 20: INFO ----->定位方式:xpath--->定位值://ul[@class="addUser"]/li[3]/div/input
2018-09-28 19:50:41,156 find_element.py--> get_element 20: INFO ----->定位方式:xpath--->定位值://ul[@class="addUser"]/li[4]/input
2018-09-28 19:50:41,255 find_element.py--> get_element 20: INFO ----->定位方式:xpath--->定位值://div[@id="info"]/following-sibling::div/button[2]
2018-09-28 19:50:44,332 find_element.py--> get_element 20: INFO ----->定位方式:xpath--->定位值://div[@class="tab-box"]/div[2]/ul/li/div[2]/img
2018-09-28 19:50:46,426 find_element.py--> get_element 20: INFO ----->定位方式:xpath--->定位值://li[@class="data-upload"]/div[1]/div[2]/ul[1]/li[2]
2018-09-28 19:50:46,514 find_element.py--> get_element 20: INFO ----->定位方式:xpath--->定位值://li[@class="data-upload"]/div[1]/div[2]/ul[2]/li[2]/input
2018-09-28 19:50:46,594 find_element.py--> get_element 20: INFO ----->定位方式:xpath--->定位值://ul[@class="caseImg"]/li[1]/div[2]/ul/li[1]//div/div/div
2018-09-28 19:50:49,772 find_element.py--> get_element 20: INFO ----->定位方式:xpath--->定位值://ul[@class="caseImg"]/li[1]/div[2]/ul/li[2]//div/div/div
2018-09-28 19:50:52,927 find_element.py--> get_element 20: INFO ----->定位方式:xpath--->定位值://ul[@class="caseImg"]/li[1]/div[2]/ul/li[3]//div/div/div
2018-09-28 19:50:56,113 find_element.py--> get_element 20: INFO ----->定位方式:xpath--->定位值://ul[@class="caseImg"]/li[1]/div[2]/ul/li[4]//div/div/div
2018-09-28 19:50:59,329 find_element.py--> get_element 20: INFO ----->定位方式:xpath--->定位值://ul[@class="caseImg"]/li[2]/div[2]/ul/li[1]//div/div/div
2018-09-28 19:51:02,480 find_element.py--> get_element 20: INFO ----->定位方式:xpath--->定位值://ul[@class="caseImg"]/li[2]/div[2]/ul/li[2]//div/div/div
2018-09-28 19:51:05,628 find_element.py--> get_element 20: INFO ----->定位方式:xpath--->定位值://ul[@class="caseImg"]/li[2]/div[2]/ul/li[3]//div/div/div
2018-09-28 19:51:08,857 find_element.py--> get_element 20: INFO ----->定位方式:xpath--->定位值://ul[@class="caseImg"]/li[2]/div[2]/ul/li[4]//div/div/div
2018-09-28 19:51:12,045 find_element.py--> get_element 20: INFO ----->定位方式:xpath--->定位值://ul[@class="caseImg"]/li[2]/div[2]/ul/li[5]//div/div/div
2018-09-28 19:51:15,281 find_element.py--> get_element 20: INFO ----->定位方式:xpath--->定位值://ul[@class="caseImg"]/li[3]//ul/li[1]//div/div/div
2018-09-28 19:51:18,544 find_element.py--> get_element 20: INFO ----->定位方式:xpath--->定位值://ul[@class="caseImg"]/li[3]//ul/li[2]//div/div/div
2018-09-28 19:51:24,825 find_element.py--> get_element 20: INFO ----->定位方式:xpath--->定位值://div[@class="button-box"]/button[3]
2018-09-28 19:51:26,998 find_element.py--> get_element 20: INFO ----->定位方式:xpath--->定位值://li[@class="prescription"]/ul/li[1]//textarea
2018-09-28 19:51:27,093 find_element.py--> get_element 20: INFO ----->定位方式:xpath--->定位值://li[@class="prescription"]/ul/li[2]//textarea
2018-09-28 19:51:27,151 find_element.py--> get_element 20: INFO ----->定位方式:xpath--->定位值://li[@class="prescription"]/ul/li[3]//textarea
2018-09-28 19:51:27,198 find_element.py--> get_element 20: INFO ----->定位方式:xpath--->定位值://li[@class="prescription"]/ul/li[4]//textarea
2018-09-28 19:51:27,250 find_element.py--> get_element 20: INFO ----->定位方式:xpath--->定位值://div[@class="tab-list"]/ul/li[3]/div[2]/button[2]
2018-09-28 19:51:30,313 find_element.py--> get_element 20: INFO ----->定位方式:xpath--->定位值://li[@class="submitCase-box"]/button
2018-09-28 20:40:22,525 find_element.py--> get_element 20: INFO ----->定位方式:xpath--->定位值://div[@class="login"]/div[2]/input
2018-09-28 20:40:22,610 find_element.py--> get_element 20: INFO ----->定位方式:xpath--->定位值://div[@class="login"]/div[3]/input
2018-09-28 20:40:22,699 find_element.py--> get_element 20: INFO ----->定位方式:xpath--->定位值://div[@class="login"]/div[5]
2018-09-28 20:40:26,817 find_element.py--> get_element 20: INFO ----->定位方式:xpath--->定位值://div[@class="search"]/button[2]
2018-09-28 20:40:28,905 find_element.py--> get_element 20: INFO ----->定位方式:xpath--->定位值://ul[@class="addUser"]/li[1]/input
2018-09-28 20:40:29,038 find_element.py--> get_element 20: INFO ----->定位方式:xpath--->定位值://ul[@class="addUser"]/li[2]/div/span[2]
2018-09-28 20:40:29,094 find_element.py--> get_element 20: INFO ----->定位方式:xpath--->定位值://ul[@class="addUser"]/li[3]/div/input
2018-09-28 20:40:29,207 find_element.py--> get_element 20: INFO ----->定位方式:xpath--->定位值://ul[@class="addUser"]/li[4]/input
2018-09-28 20:40:29,297 find_element.py--> get_element 20: INFO ----->定位方式:xpath--->定位值://div[@id="info"]/following-sibling::div/button[2]
2018-09-28 20:40:32,358 find_element.py--> get_element 20: INFO ----->定位方式:xpath--->定位值://div[@class="tab-box"]/div[2]/ul/li/div[2]/img
2018-09-28 20:40:34,429 find_element.py--> get_element 20: INFO ----->定位方式:xpath--->定位值://li[@class="data-upload"]/div[1]/div[2]/ul[1]/li[2]
2018-09-28 20:40:34,500 find_element.py--> get_element 20: INFO ----->定位方式:xpath--->定位值://li[@class="data-upload"]/div[1]/div[2]/ul[2]/li[2]/input
2018-09-28 20:40:34,588 find_element.py--> get_element 20: INFO ----->定位方式:xpath--->定位值://ul[@class="caseImg"]/li[1]/div[2]/ul/li[1]//div/div/div
2018-09-28 20:40:37,557 find_element.py--> get_element 20: INFO ----->定位方式:xpath--->定位值://ul[@class="caseImg"]/li[1]/div[2]/ul/li[2]//div/div/div
2018-09-28 20:40:40,810 find_element.py--> get_element 20: INFO ----->定位方式:xpath--->定位值://ul[@class="caseImg"]/li[1]/div[2]/ul/li[3]//div/div/div
2018-09-28 20:40:43,907 find_element.py--> get_element 20: INFO ----->定位方式:xpath--->定位值://ul[@class="caseImg"]/li[1]/div[2]/ul/li[4]//div/div/div
2018-09-28 20:40:47,057 find_element.py--> get_element 20: INFO ----->定位方式:xpath--->定位值://ul[@class="caseImg"]/li[2]/div[2]/ul/li[1]//div/div/div
2018-09-28 20:40:50,328 find_element.py--> get_element 20: INFO ----->定位方式:xpath--->定位值://ul[@class="caseImg"]/li[2]/div[2]/ul/li[2]//div/div/div
2018-09-28 20:40:53,551 find_element.py--> get_element 20: INFO ----->定位方式:xpath--->定位值://ul[@class="caseImg"]/li[2]/div[2]/ul/li[3]//div/div/div
2018-09-28 20:40:56,724 find_element.py--> get_element 20: INFO ----->定位方式:xpath--->定位值://ul[@class="caseImg"]/li[2]/div[2]/ul/li[4]//div/div/div
2018-09-28 20:40:59,854 find_element.py--> get_element 20: INFO ----->定位方式:xpath--->定位值://ul[@class="caseImg"]/li[2]/div[2]/ul/li[5]//div/div/div
2018-09-28 20:41:02,982 find_element.py--> get_element 20: INFO ----->定位方式:xpath--->定位值://ul[@class="caseImg"]/li[3]//ul/li[1]//div/div/div
2018-09-28 20:41:06,255 find_element.py--> get_element 20: INFO ----->定位方式:xpath--->定位值://ul[@class="caseImg"]/li[3]//ul/li[2]//div/div/div
2018-09-28 20:41:12,493 find_element.py--> get_element 20: INFO ----->定位方式:xpath--->定位值://div[@class="button-box"]/button[3]
2018-09-28 20:41:14,579 find_element.py--> get_element 20: INFO ----->定位方式:xpath--->定位值://li[@class="prescription"]/ul/li[1]//textarea
2018-09-28 20:41:14,676 find_element.py--> get_element 20: INFO ----->定位方式:xpath--->定位值://li[@class="prescription"]/ul/li[2]//textarea
2018-09-28 20:41:14,725 find_element.py--> get_element 20: INFO ----->定位方式:xpath--->定位值://li[@class="prescription"]/ul/li[3]//textarea
2018-09-28 20:41:14,782 find_element.py--> get_element 20: INFO ----->定位方式:xpath--->定位值://li[@class="prescription"]/ul/li[4]//textarea
2018-09-28 20:41:14,840 find_element.py--> get_element 20: INFO ----->定位方式:xpath--->定位值://div[@class="tab-list"]/ul/li[3]/div[2]/button[2]
2018-09-28 20:41:17,908 find_element.py--> get_element 20: INFO ----->定位方式:xpath--->定位值://li[@class="submitCase-box"]/button
2018-09-28 20:53:02,517 find_element.py--> get_element 20: INFO ----->定位方式:xpath--->定位值://div[@class="login"]/div[2]/input
2018-09-28 20:53:02,616 find_element.py--> get_element 20: INFO ----->定位方式:xpath--->定位值://div[@class="login"]/div[3]/input
2018-09-28 20:53:02,687 find_element.py--> get_element 20: INFO ----->定位方式:xpath--->定位值://div[@class="login"]/div[5]
2018-09-28 20:53:06,806 find_element.py--> get_element 20: INFO ----->定位方式:xpath--->定位值://div[@class="search"]/button[2]
2018-09-28 20:53:08,862 find_element.py--> get_element 20: INFO ----->定位方式:xpath--->定位值://ul[@class="addUser"]/li[1]/input
2018-09-28 20:53:08,936 find_element.py--> get_element 20: INFO ----->定位方式:xpath--->定位值://ul[@class="addUser"]/li[2]/div/span[2]
2018-09-28 20:53:09,002 find_element.py--> get_element 20: INFO ----->定位方式:xpath--->定位值://ul[@class="addUser"]/li[3]/div/input
2018-09-28 20:53:09,121 find_element.py--> get_element 20: INFO ----->定位方式:xpath--->定位值://ul[@class="addUser"]/li[4]/input
2018-09-28 20:53:09,230 find_element.py--> get_element 20: INFO ----->定位方式:xpath--->定位值://div[@id="info"]/following-sibling::div/button[2]
2018-09-28 20:53:12,295 find_element.py--> get_element 20: INFO ----->定位方式:xpath--->定位值://div[@class="tab-box"]/div[2]/ul/li/div[2]/img
2018-09-28 20:53:14,366 find_element.py--> get_element 20: INFO ----->定位方式:xpath--->定位值://li[@class="data-upload"]/div[1]/div[2]/ul[1]/li[2]
2018-09-28 20:53:14,460 find_element.py--> get_element 20: INFO ----->定位方式:xpath--->定位值://li[@class="data-upload"]/div[1]/div[2]/ul[2]/li[2]/input
2018-09-28 20:53:14,537 find_element.py--> get_element 20: INFO ----->定位方式:xpath--->定位值://ul[@class="caseImg"]/li[1]/div[2]/ul/li[1]//div/div/div
2018-09-28 20:53:17,546 find_element.py--> get_element 20: INFO ----->定位方式:xpath--->定位值://ul[@class="caseImg"]/li[1]/div[2]/ul/li[2]//div/div/div
2018-09-28 20:53:20,684 find_element.py--> get_element 20: INFO ----->定位方式:xpath--->定位值://ul[@class="caseImg"]/li[1]/div[2]/ul/li[3]//div/div/div
2018-09-28 20:53:23,870 find_element.py--> get_element 20: INFO ----->定位方式:xpath--->定位值://ul[@class="caseImg"]/li[1]/div[2]/ul/li[4]//div/div/div
2018-09-28 20:53:27,111 find_element.py--> get_element 20: INFO ----->定位方式:xpath--->定位值://ul[@class="caseImg"]/li[2]/div[2]/ul/li[1]//div/div/div
2018-09-28 20:53:30,291 find_element.py--> get_element 20: INFO ----->定位方式:xpath--->定位值://ul[@class="caseImg"]/li[2]/div[2]/ul/li[2]//div/div/div
2018-09-28 20:53:33,433 find_element.py--> get_element 20: INFO ----->定位方式:xpath--->定位值://ul[@class="caseImg"]/li[2]/div[2]/ul/li[3]//div/div/div
2018-09-28 20:53:36,645 find_element.py--> get_element 20: INFO ----->定位方式:xpath--->定位值://ul[@class="caseImg"]/li[2]/div[2]/ul/li[4]//div/div/div
2018-09-28 20:53:39,884 find_element.py--> get_element 20: INFO ----->定位方式:xpath--->定位值://ul[@class="caseImg"]/li[2]/div[2]/ul/li[5]//div/div/div
2018-09-28 20:53:43,109 find_element.py--> get_element 20: INFO ----->定位方式:xpath--->定位值://ul[@class="caseImg"]/li[3]//ul/li[1]//div/div/div
2018-09-28 20:53:46,329 find_element.py--> get_element 20: INFO ----->定位方式:xpath--->定位值://ul[@class="caseImg"]/li[3]//ul/li[2]//div/div/div
2018-09-28 20:53:52,532 find_element.py--> get_element 20: INFO ----->定位方式:xpath--->定位值://div[@class="button-box"]/button[3]
2018-09-28 20:53:54,607 find_element.py--> get_element 20: INFO ----->定位方式:xpath--->定位值://li[@class="prescription"]/ul/li[1]//textarea
2018-09-28 20:53:54,717 find_element.py--> get_element 20: INFO ----->定位方式:xpath--->定位值://li[@class="prescription"]/ul/li[2]//textarea
2018-09-28 20:53:54,764 find_element.py--> get_element 20: INFO ----->定位方式:xpath--->定位值://li[@class="prescription"]/ul/li[3]//textarea
2018-09-28 20:53:54,831 find_element.py--> get_element 20: INFO ----->定位方式:xpath--->定位值://li[@class="prescription"]/ul/li[4]//textarea
2018-09-28 20:53:54,886 find_element.py--> get_element 20: INFO ----->定位方式:xpath--->定位值://div[@class="tab-list"]/ul/li[3]/div[2]/button[2]
2018-09-28 20:53:57,937 find_element.py--> get_element 20: INFO ----->定位方式:xpath--->定位值://li[@class="submitCase-box"]/button
2018-09-28 20:59:44,002 find_element.py--> get_element 20: INFO ----->定位方式:xpath--->定位值://div[@class="login"]/div[2]/input
2018-09-28 20:59:44,119 find_element.py--> get_element 20: INFO ----->定位方式:xpath--->定位值://div[@class="login"]/div[3]/input
2018-09-28 20:59:44,190 find_element.py--> get_element 20: INFO ----->定位方式:xpath--->定位值://div[@class="login"]/div[5]
2018-09-28 20:59:48,308 find_element.py--> get_element 20: INFO ----->定位方式:xpath--->定位值://div[@class="search"]/button[2]
2018-09-28 20:59:50,424 find_element.py--> get_element 20: INFO ----->定位方式:xpath--->定位值://ul[@class="addUser"]/li[1]/input
2018-09-28 20:59:50,531 find_element.py--> get_element 20: INFO ----->定位方式:xpath--->定位值://ul[@class="addUser"]/li[2]/div/span[2]
2018-09-28 20:59:50,596 find_element.py--> get_element 20: INFO ----->定位方式:xpath--->定位值://ul[@class="addUser"]/li[3]/div/input
2018-09-28 20:59:50,704 find_element.py--> get_element 20: INFO ----->定位方式:xpath--->定位值://ul[@class="addUser"]/li[4]/input
2018-09-28 20:59:50,790 find_element.py--> get_element 20: INFO ----->定位方式:xpath--->定位值://div[@id="info"]/following-sibling::div/button[2]
2018-09-28 21:03:02,249 find_element.py--> get_element 20: INFO ----->定位方式:xpath--->定位值://div[@class="login"]/div[2]/input
2018-09-28 21:03:02,393 find_element.py--> get_element 20: INFO ----->定位方式:xpath--->定位值://div[@class="login"]/div[3]/input
2018-09-28 21:03:02,469 find_element.py--> get_element 20: INFO ----->定位方式:xpath--->定位值://div[@class="login"]/div[5]
2018-09-28 21:03:06,598 find_element.py--> get_element 20: INFO ----->定位方式:xpath--->定位值://div[@class="search"]/button[2]
2018-09-28 21:03:08,666 find_element.py--> get_element 20: INFO ----->定位方式:xpath--->定位值://ul[@class="addUser"]/li[1]/input
2018-09-28 21:03:08,749 find_element.py--> get_element 20: INFO ----->定位方式:xpath--->定位值://ul[@class="addUser"]/li[2]/div/span[2]
2018-09-28 21:03:08,810 find_element.py--> get_element 20: INFO ----->定位方式:xpath--->定位值://ul[@class="addUser"]/li[3]/div/input
2018-09-28 21:03:08,914 find_element.py--> get_element 20: INFO ----->定位方式:xpath--->定位值://ul[@class="addUser"]/li[4]/input
2018-09-28 21:03:09,002 find_element.py--> get_element 20: INFO ----->定位方式:xpath--->定位值://div[@id="info"]/following-sibling::div/button[2]
2018-09-28 21:06:05,840 find_element.py--> get_element 20: INFO ----->定位方式:xpath--->定位值://div[@class="login"]/div[2]/input
2018-09-28 21:06:05,934 find_element.py--> get_element 20: INFO ----->定位方式:xpath--->定位值://div[@class="login"]/div[3]/input
2018-09-28 21:06:06,008 find_element.py--> get_element 20: INFO ----->定位方式:xpath--->定位值://div[@class="login"]/div[5]
2018-09-28 21:06:10,133 find_element.py--> get_element 20: INFO ----->定位方式:xpath--->定位值://div[@class="search"]/button[2]
2018-09-28 21:06:12,288 find_element.py--> get_element 20: INFO ----->定位方式:xpath--->定位值://ul[@class="addUser"]/li[1]/input
2018-09-28 21:06:12,367 find_element.py--> get_element 20: INFO ----->定位方式:xpath--->定位值://ul[@class="addUser"]/li[2]/div/span[2]
2018-09-28 21:06:12,425 find_element.py--> get_element 20: INFO ----->定位方式:xpath--->定位值://ul[@class="addUser"]/li[3]/div/input
2018-09-28 21:06:12,529 find_element.py--> get_element 20: INFO ----->定位方式:xpath--->定位值://ul[@class="addUser"]/li[4]/input
2018-09-28 21:06:12,623 find_element.py--> get_element 20: INFO ----->定位方式:xpath--->定位值://div[@id="info"]/following-sibling::div/button[2]
2018-09-28 21:06:15,694 find_element.py--> get_element 20: INFO ----->定位方式:xpath--->定位值://div[@class="tab-box"]/div[2]/ul/li/div[2]/img
2018-09-28 21:06:17,786 find_element.py--> get_element 20: INFO ----->定位方式:xpath--->定位值://li[@class="data-upload"]/div[1]/div[2]/ul[1]/li[2]
2018-09-28 21:06:17,871 find_element.py--> get_element 20: INFO ----->定位方式:xpath--->定位值://li[@class="data-upload"]/div[1]/div[2]/ul[2]/li[2]/input
2018-09-28 21:06:17,947 find_element.py--> get_element 20: INFO ----->定位方式:xpath--->定位值://ul[@class="caseImg"]/li[1]/div[2]/ul/li[1]//div/div/div
2018-09-28 21:06:20,861 find_element.py--> get_element 20: INFO ----->定位方式:xpath--->定位值://ul[@class="caseImg"]/li[1]/div[2]/ul/li[2]//div/div/div
2018-09-28 21:06:23,949 find_element.py--> get_element 20: INFO ----->定位方式:xpath--->定位值://ul[@class="caseImg"]/li[1]/div[2]/ul/li[3]//div/div/div
2018-09-28 21:06:27,047 find_element.py--> get_element 20: INFO ----->定位方式:xpath--->定位值://ul[@class="caseImg"]/li[1]/div[2]/ul/li[4]//div/div/div
2018-09-28 21:06:30,168 find_element.py--> get_element 20: INFO ----->定位方式:xpath--->定位值://ul[@class="caseImg"]/li[2]/div[2]/ul/li[1]//div/div/div
2018-09-28 21:06:33,262 find_element.py--> get_element 20: INFO ----->定位方式:xpath--->定位值://ul[@class="caseImg"]/li[2]/div[2]/ul/li[2]//div/div/div
2018-09-28 21:06:36,312 find_element.py--> get_element 20: INFO ----->定位方式:xpath--->定位值://ul[@class="caseImg"]/li[2]/div[2]/ul/li[3]//div/div/div
2018-09-28 21:06:39,330 find_element.py--> get_element 20: INFO ----->定位方式:xpath--->定位值://ul[@class="caseImg"]/li[2]/div[2]/ul/li[4]//div/div/div
2018-09-28 21:06:42,559 find_element.py--> get_element 20: INFO ----->定位方式:xpath--->定位值://ul[@class="caseImg"]/li[2]/div[2]/ul/li[5]//div/div/div
2018-09-28 21:06:45,762 find_element.py--> get_element 20: INFO ----->定位方式:xpath--->定位值://ul[@class="caseImg"]/li[3]//ul/li[1]//div/div/div
2018-09-28 21:06:48,944 find_element.py--> get_element 20: INFO ----->定位方式:xpath--->定位值://ul[@class="caseImg"]/li[3]//ul/li[2]//div/div/div
2018-09-28 21:06:55,045 find_element.py--> get_element 20: INFO ----->定位方式:xpath--->定位值://div[@class="button-box"]/button[3]
2018-09-28 21:06:57,145 find_element.py--> get_element 20: INFO ----->定位方式:xpath--->定位值://li[@class="prescription"]/ul/li[1]//textarea
2018-09-28 21:06:57,231 find_element.py--> get_element 20: INFO ----->定位方式:xpath--->定位值://li[@class="prescription"]/ul/li[2]//textarea
2018-09-28 21:06:57,279 find_element.py--> get_element 20: INFO ----->定位方式:xpath--->定位值://li[@class="prescription"]/ul/li[3]//textarea
2018-09-28 21:06:57,326 find_element.py--> get_element 20: INFO ----->定位方式:xpath--->定位值://li[@class="prescription"]/ul/li[4]//textarea
2018-09-28 21:06:57,380 find_element.py--> get_element 20: INFO ----->定位方式:xpath--->定位值://div[@class="tab-list"]/ul/li[3]/div[2]/button[2]
2018-09-28 21:07:00,457 find_element.py--> get_element 20: INFO ----->定位方式:xpath--->定位值://li[@class="submitCase-box"]/button
