2018-09-30 09:04:45,544 find_element.py--> get_element 20: INFO ----->定位方式:xpath--->定位值://div[@class="login"]/div[2]/input
2018-09-30 09:04:45,660 find_element.py--> get_element 20: INFO ----->定位方式:xpath--->定位值://div[@class="login"]/div[3]/input
2018-09-30 09:04:45,766 find_element.py--> get_element 20: INFO ----->定位方式:xpath--->定位值://div[@class="login"]/div[5]
2018-09-30 09:04:49,858 find_element.py--> get_element 20: INFO ----->定位方式:xpath--->定位值://div[@class="search"]/button[2]
2018-09-30 09:04:52,946 find_element.py--> get_element 20: INFO ----->定位方式:xpath--->定位值://ul[@class="addUser"]/li[1]/input
2018-09-30 09:04:53,279 find_element.py--> get_element 20: INFO ----->定位方式:xpath--->定位值://ul[@class="addUser"]/li[2]/div/span[2]
2018-09-30 09:04:53,456 find_element.py--> get_element 20: INFO ----->定位方式:xpath--->定位值://ul[@class="addUser"]/li[3]/div/input
2018-09-30 09:04:53,735 find_element.py--> get_element 20: INFO ----->定位方式:xpath--->定位值://ul[@class="addUser"]/li[4]/input
2018-09-30 09:04:54,199 find_element.py--> get_element 20: INFO ----->定位方式:xpath--->定位值://div[@id="info"]/following-sibling::div/button[2]
2018-09-30 09:04:57,307 find_element.py--> get_element 20: INFO ----->定位方式:xpath--->定位值://div[@class="tab-box"]/div[2]/ul/li/div[2]/img
2018-09-30 09:04:59,359 find_element.py--> get_element 20: INFO ----->定位方式:xpath--->定位值://li[@class="data-upload"]/div[1]/div[2]/ul[1]/li[2]
2018-09-30 09:04:59,413 find_element.py--> get_element 20: INFO ----->定位方式:xpath--->定位值://li[@class="data-upload"]/div[1]/div[2]/ul[2]/li[2]/input
2018-09-30 09:04:59,483 find_element.py--> get_element 20: INFO ----->定位方式:xpath--->定位值://ul[@class="caseImg"]/li[1]/div[2]/ul/li[1]//div/div/div
2018-09-30 09:05:02,219 find_element.py--> get_element 20: INFO ----->定位方式:xpath--->定位值://ul[@class="caseImg"]/li[1]/div[2]/ul/li[2]//div/div/div
2018-09-30 09:05:05,242 find_element.py--> get_element 20: INFO ----->定位方式:xpath--->定位值://ul[@class="caseImg"]/li[1]/div[2]/ul/li[3]//div/div/div
2018-09-30 09:05:08,402 find_element.py--> get_element 20: INFO ----->定位方式:xpath--->定位值://ul[@class="caseImg"]/li[1]/div[2]/ul/li[4]//div/div/div
2018-09-30 09:05:11,607 find_element.py--> get_element 20: INFO ----->定位方式:xpath--->定位值://ul[@class="caseImg"]/li[2]/div[2]/ul/li[1]//div/div/div
2018-09-30 09:05:14,760 find_element.py--> get_element 20: INFO ----->定位方式:xpath--->定位值://ul[@class="caseImg"]/li[2]/div[2]/ul/li[2]//div/div/div
2018-09-30 09:05:18,063 find_element.py--> get_element 20: INFO ----->定位方式:xpath--->定位值://ul[@class="caseImg"]/li[2]/div[2]/ul/li[3]//div/div/div
2018-09-30 09:05:21,348 find_element.py--> get_element 20: INFO ----->定位方式:xpath--->定位值://ul[@class="caseImg"]/li[2]/div[2]/ul/li[4]//div/div/div
2018-09-30 09:05:24,476 find_element.py--> get_element 20: INFO ----->定位方式:xpath--->定位值://ul[@class="caseImg"]/li[2]/div[2]/ul/li[5]//div/div/div
2018-09-30 09:05:27,695 find_element.py--> get_element 20: INFO ----->定位方式:xpath--->定位值://ul[@class="caseImg"]/li[3]//ul/li[1]//div/div/div
2018-09-30 09:05:30,962 find_element.py--> get_element 20: INFO ----->定位方式:xpath--->定位值://ul[@class="caseImg"]/li[3]//ul/li[2]//div/div/div
2018-09-30 09:05:37,180 find_element.py--> get_element 20: INFO ----->定位方式:xpath--->定位值://div[@class="button-box"]/button[3]
2018-09-30 09:05:39,236 find_element.py--> get_element 20: INFO ----->定位方式:xpath--->定位值://li[@class="prescription"]/ul/li[1]//textarea
2018-09-30 09:05:39,302 find_element.py--> get_element 20: INFO ----->定位方式:xpath--->定位值://li[@class="prescription"]/ul/li[2]//textarea
2018-09-30 09:05:39,366 find_element.py--> get_element 20: INFO ----->定位方式:xpath--->定位值://li[@class="prescription"]/ul/li[3]//textarea
2018-09-30 09:05:39,418 find_element.py--> get_element 20: INFO ----->定位方式:xpath--->定位值://li[@class="prescription"]/ul/li[4]//textarea
2018-09-30 09:05:39,472 find_element.py--> get_element 20: INFO ----->定位方式:xpath--->定位值://div[@class="tab-list"]/ul/li[3]/div[2]/button[2]
2018-09-30 09:05:42,533 find_element.py--> get_element 20: INFO ----->定位方式:xpath--->定位值://li[@class="submitCase-box"]/button
2018-09-30 09:05:49,715 mail.py--> _attach_file 20: INFO ----->attach file C:\Users\yanxianhuiclearbos\PycharmProjects\firsttest\config\keyword.xls
2018-09-30 09:05:52,074 mail.py--> send 20: INFO ----->发送邮件"ERP测试报告"成功! 收件人：825651673@qq.com。如果没有收到邮件，请检查垃圾箱，同时检查收件人地址是否正确
2018-09-30 11:31:44,911 find_element.py--> get_element 20: INFO ----->定位方式:xpath--->定位值://div[@class="login"]/div[2]/input
2018-09-30 11:31:45,074 find_element.py--> get_element 20: INFO ----->定位方式:xpath--->定位值://div[@class="login"]/div[3]/input
2018-09-30 11:31:45,170 find_element.py--> get_element 20: INFO ----->定位方式:xpath--->定位值://div[@class="login"]/div[5]
2018-09-30 11:32:45,344 find_element.py--> get_element 20: INFO ----->定位方式:xpath--->定位值://div[@class="login"]/div[2]/input
2018-09-30 11:32:45,505 find_element.py--> get_element 20: INFO ----->定位方式:xpath--->定位值://div[@class="login"]/div[3]/input
2018-09-30 11:32:45,602 find_element.py--> get_element 20: INFO ----->定位方式:xpath--->定位值://div[@class="login"]/div[5]
2018-09-30 11:37:51,918 find_element.py--> get_element 20: INFO ----->定位方式:xpath--->定位值://div[@class="login"]/div[2]/input
2018-09-30 11:37:52,081 find_element.py--> get_element 20: INFO ----->定位方式:xpath--->定位值://div[@class="login"]/div[3]/input
2018-09-30 11:37:52,172 find_element.py--> get_element 20: INFO ----->定位方式:xpath--->定位值://div[@class="login"]/div[5]
2018-09-30 11:37:55,241 find_element.py--> get_element 20: INFO ----->定位方式:xpath--->定位值://div[@class="current clear"]/ul/li[2]/div/img
2018-09-30 11:40:46,537 find_element.py--> get_element 20: INFO ----->定位方式:xpath--->定位值://div[@class="login"]/div[2]/input
2018-09-30 11:40:46,669 find_element.py--> get_element 20: INFO ----->定位方式:xpath--->定位值://div[@class="login"]/div[3]/input
2018-09-30 11:40:46,776 find_element.py--> get_element 20: INFO ----->定位方式:xpath--->定位值://div[@class="login"]/div[5]
2018-09-30 11:40:49,842 find_element.py--> get_element 20: INFO ----->定位方式:xpath--->定位值://div[@class="current clear"]/ul/li[2]/div/img
2018-09-30 11:41:38,859 find_element.py--> get_element 20: INFO ----->定位方式:xpath--->定位值://div[@class="login"]/div[2]/input
2018-09-30 11:41:39,019 find_element.py--> get_element 20: INFO ----->定位方式:xpath--->定位值://div[@class="login"]/div[3]/input
2018-09-30 11:41:39,121 find_element.py--> get_element 20: INFO ----->定位方式:xpath--->定位值://div[@class="login"]/div[5]
2018-09-30 11:41:42,188 find_element.py--> get_element 20: INFO ----->定位方式:xpath--->定位值://div[@class="current clear"]/ul/li[2]/div/img
2018-09-30 11:41:42,323 find_element.py--> get_element 20: INFO ----->定位方式:xpath--->定位值://div[@class="current clear"]/ul/li[2]/div/img
2018-09-30 11:43:39,529 find_element.py--> get_element 20: INFO ----->定位方式:xpath--->定位值://div[@class="login"]/div[2]/input
2018-09-30 11:43:39,632 find_element.py--> get_element 20: INFO ----->定位方式:xpath--->定位值://div[@class="login"]/div[3]/input
2018-09-30 11:43:39,706 find_element.py--> get_element 20: INFO ----->定位方式:xpath--->定位值://div[@class="login"]/div[5]
2018-09-30 11:43:42,770 find_element.py--> get_element 20: INFO ----->定位方式:xpath--->定位值://div[@class="current clear"]/ul/li[2]/div/img
2018-09-30 11:43:42,866 find_element.py--> get_element 20: INFO ----->定位方式:xpath--->定位值://div[@class="current clear"]/ul/li[2]/div/img
2018-09-30 11:51:49,118 find_element.py--> get_element 20: INFO ----->定位方式:xpath--->定位值://div[@class="login"]/div[2]/input
2018-09-30 11:51:49,294 find_element.py--> get_element 20: INFO ----->定位方式:xpath--->定位值://div[@class="login"]/div[3]/input
2018-09-30 11:51:49,409 find_element.py--> get_element 20: INFO ----->定位方式:xpath--->定位值://div[@class="login"]/div[5]
2018-09-30 11:51:52,475 find_element.py--> get_element 20: INFO ----->定位方式:xpath--->定位值://div[@class="current clear"]/ul/li[2]/div/img
2018-09-30 11:51:53,560 find_element.py--> get_element 20: INFO ----->定位方式:xpath--->定位值://div[@class="current clear"]/ul/li[2]/div/img
2018-09-30 11:51:53,667 find_element.py--> get_element 20: INFO ----->定位方式:xpath--->定位值://div[@class="current clear"]/ul/li[2]/div/img
2018-09-30 11:53:29,354 find_element.py--> get_element 20: INFO ----->定位方式:xpath--->定位值://div[@class="login"]/div[2]/input
2018-09-30 11:53:29,543 find_element.py--> get_element 20: INFO ----->定位方式:xpath--->定位值://div[@class="login"]/div[3]/input
2018-09-30 11:53:29,650 find_element.py--> get_element 20: INFO ----->定位方式:xpath--->定位值://div[@class="login"]/div[5]
2018-09-30 11:53:32,723 find_element.py--> get_element 20: INFO ----->定位方式:xpath--->定位值://div[@class="current clear"]/ul/li[2]/div/img
2018-09-30 11:53:33,813 find_element.py--> get_element 20: INFO ----->定位方式:xpath--->定位值://div[@class="current clear"]/ul/li[2]/div/img
2018-09-30 11:53:33,863 find_element.py--> get_element 20: INFO ----->定位方式:xpath--->定位值://div[@class="current clear"]/ul/li[2]/div/img
2018-09-30 11:54:40,702 find_element.py--> get_element 20: INFO ----->定位方式:xpath--->定位值://div[@class="login"]/div[2]/input
2018-09-30 11:54:40,856 find_element.py--> get_element 20: INFO ----->定位方式:xpath--->定位值://div[@class="login"]/div[3]/input
2018-09-30 11:54:40,959 find_element.py--> get_element 20: INFO ----->定位方式:xpath--->定位值://div[@class="login"]/div[5]
2018-09-30 11:54:44,030 find_element.py--> get_element 20: INFO ----->定位方式:xpath--->定位值://div[@class="current clear"]/ul/li[2]/div/img
2018-09-30 11:54:45,112 find_element.py--> get_element 20: INFO ----->定位方式:xpath--->定位值://div[@class="current clear"]/ul/li[2]/div/img
2018-09-30 11:54:45,185 find_element.py--> get_element 20: INFO ----->定位方式:xpath--->定位值://div[@class="current clear"]/ul/li[2]/div/img
2018-09-30 14:03:37,202 find_element.py--> get_element 20: INFO ----->定位方式:xpath--->定位值://div[@class="login"]/div[2]/input
2018-09-30 14:03:37,367 find_element.py--> get_element 20: INFO ----->定位方式:xpath--->定位值://div[@class="login"]/div[3]/input
2018-09-30 14:03:37,454 find_element.py--> get_element 20: INFO ----->定位方式:xpath--->定位值://div[@class="login"]/div[5]
2018-09-30 14:03:40,519 find_element.py--> get_element 20: INFO ----->定位方式:xpath--->定位值://div[@class="current clear"]/ul/li[2]/span
2018-09-30 14:03:41,597 find_element.py--> get_element 20: INFO ----->定位方式:xpath--->定位值://div[@class="current clear"]/ul/li[2]/div/img
2018-09-30 14:03:41,676 find_element.py--> get_element 20: INFO ----->定位方式:xpath--->定位值://div[@class="current clear"]/ul/li[2]/span
2018-09-30 15:02:54,100 find_element.py--> get_element 20: INFO ----->定位方式:xpath--->定位值://div[@class="login"]/div[2]/input
2018-09-30 15:02:54,239 find_element.py--> get_element 20: INFO ----->定位方式:xpath--->定位值://div[@class="login"]/div[3]/input
2018-09-30 15:02:54,330 find_element.py--> get_element 20: INFO ----->定位方式:xpath--->定位值://div[@class="login"]/div[5]
2018-09-30 15:11:24,887 find_element.py--> get_element 20: INFO ----->定位方式:xpath--->定位值://div[@class="login"]/div[2]/input
2018-09-30 15:11:25,007 find_element.py--> get_element 20: INFO ----->定位方式:xpath--->定位值://div[@class="login"]/div[3]/input
2018-09-30 15:11:25,080 find_element.py--> get_element 20: INFO ----->定位方式:xpath--->定位值://div[@class="login"]/div[5]
2018-09-30 15:15:37,574 find_element.py--> get_element 20: INFO ----->定位方式:xpath--->定位值://div[@class="login"]/div[2]/input
2018-09-30 15:15:37,693 find_element.py--> get_element 20: INFO ----->定位方式:xpath--->定位值://div[@class="login"]/div[3]/input
2018-09-30 15:15:37,793 find_element.py--> get_element 20: INFO ----->定位方式:xpath--->定位值://div[@class="login"]/div[5]
2018-09-30 15:18:04,140 find_element.py--> get_element 20: INFO ----->定位方式:xpath--->定位值://div[@class="login"]/div[2]/input
2018-09-30 15:18:04,330 find_element.py--> get_element 20: INFO ----->定位方式:xpath--->定位值://div[@class="login"]/div[3]/input
2018-09-30 15:18:04,424 find_element.py--> get_element 20: INFO ----->定位方式:xpath--->定位值://div[@class="login"]/div[5]
2018-09-30 15:21:40,618 find_element.py--> get_element 20: INFO ----->定位方式:xpath--->定位值://div[@class="login"]/div[2]/input
2018-09-30 15:21:40,708 find_element.py--> get_element 20: INFO ----->定位方式:xpath--->定位值://div[@class="login"]/div[3]/input
2018-09-30 15:21:40,806 find_element.py--> get_element 20: INFO ----->定位方式:xpath--->定位值://div[@class="login"]/div[5]
2018-09-30 15:26:05,574 find_element.py--> get_element 20: INFO ----->定位方式:xpath--->定位值://div[@class="login"]/div[2]/input
2018-09-30 15:26:05,730 find_element.py--> get_element 20: INFO ----->定位方式:xpath--->定位值://div[@class="login"]/div[3]/input
2018-09-30 15:26:05,815 find_element.py--> get_element 20: INFO ----->定位方式:xpath--->定位值://div[@class="login"]/div[5]
2018-09-30 15:27:42,378 find_element.py--> get_element 20: INFO ----->定位方式:xpath--->定位值://div[@class="login"]/div[2]/input
2018-09-30 15:27:42,499 find_element.py--> get_element 20: INFO ----->定位方式:xpath--->定位值://div[@class="login"]/div[3]/input
2018-09-30 15:27:42,601 find_element.py--> get_element 20: INFO ----->定位方式:xpath--->定位值://div[@class="login"]/div[5]
2018-09-30 15:28:49,977 find_element.py--> get_element 20: INFO ----->定位方式:xpath--->定位值://div[@class="login"]/div[2]/input
2018-09-30 15:28:50,105 find_element.py--> get_element 20: INFO ----->定位方式:xpath--->定位值://div[@class="login"]/div[3]/input
2018-09-30 15:28:50,200 find_element.py--> get_element 20: INFO ----->定位方式:xpath--->定位值://div[@class="login"]/div[5]
2018-09-30 15:33:26,324 find_element.py--> get_element 20: INFO ----->定位方式:xpath--->定位值://div[@class="login"]/div[2]/input
2018-09-30 15:33:26,444 find_element.py--> get_element 20: INFO ----->定位方式:xpath--->定位值://div[@class="login"]/div[3]/input
2018-09-30 15:33:26,532 find_element.py--> get_element 20: INFO ----->定位方式:xpath--->定位值://div[@class="login"]/div[5]
2018-09-30 15:33:29,595 find_element.py--> get_element 20: INFO ----->定位方式:xpath--->定位值://div[@class="current clear"]/ul/li[2]/span
2018-09-30 15:58:57,132 find_element.py--> get_element 20: INFO ----->定位方式:xpath--->定位值://div[@class="login"]/div[2]/input
2018-09-30 15:58:57,302 find_element.py--> get_element 20: INFO ----->定位方式:xpath--->定位值://div[@class="login"]/div[3]/input
2018-09-30 15:58:57,398 find_element.py--> get_element 20: INFO ----->定位方式:xpath--->定位值://div[@class="login"]/div[5]
2018-09-30 15:59:00,464 find_element.py--> get_element 20: INFO ----->定位方式:xpath--->定位值://div[@class="current clear"]/ul/li[2]/span
2018-09-30 15:59:01,548 find_element.py--> get_element 20: INFO ----->定位方式:xpath--->定位值://div[@class="search"]/button[2]
2018-09-30 15:59:04,650 find_element.py--> get_element 20: INFO ----->定位方式:xpath--->定位值://ul[@class="addUser"]/li[1]/input
2018-09-30 15:59:04,729 find_element.py--> get_element 20: INFO ----->定位方式:xpath--->定位值://ul[@class="addUser"]/li[2]/div/span[2]
2018-09-30 15:59:04,815 find_element.py--> get_element 20: INFO ----->定位方式:xpath--->定位值://ul[@class="addUser"]/li[3]/div/input
2018-09-30 15:59:04,960 find_element.py--> get_element 20: INFO ----->定位方式:xpath--->定位值://ul[@class="addUser"]/li[4]/input
2018-09-30 15:59:05,177 find_element.py--> get_element 20: INFO ----->定位方式:xpath--->定位值://div[@id="info"]/following-sibling::div/button[2]
2018-09-30 15:59:08,547 find_element.py--> get_element 20: INFO ----->定位方式:xpath--->定位值://div[@class="tab-box"]/div[2]/ul/li/div[2]/img
2018-09-30 15:59:10,650 find_element.py--> get_element 20: INFO ----->定位方式:xpath--->定位值://li[@class="data-upload"]/div[1]/div[2]/ul[1]/li[2]
2018-09-30 15:59:10,753 find_element.py--> get_element 20: INFO ----->定位方式:xpath--->定位值://li[@class="data-upload"]/div[1]/div[2]/ul[2]/li[2]/input
2018-09-30 15:59:10,863 find_element.py--> get_element 20: INFO ----->定位方式:xpath--->定位值://ul[@class="caseImg"]/li[1]/div[2]/ul/li[1]//div/div/div
2018-09-30 15:59:14,067 find_element.py--> get_element 20: INFO ----->定位方式:xpath--->定位值://ul[@class="caseImg"]/li[1]/div[2]/ul/li[2]//div/div/div
2018-09-30 15:59:17,293 find_element.py--> get_element 20: INFO ----->定位方式:xpath--->定位值://ul[@class="caseImg"]/li[1]/div[2]/ul/li[3]//div/div/div
2018-09-30 15:59:20,602 find_element.py--> get_element 20: INFO ----->定位方式:xpath--->定位值://ul[@class="caseImg"]/li[1]/div[2]/ul/li[4]//div/div/div
2018-09-30 15:59:23,888 find_element.py--> get_element 20: INFO ----->定位方式:xpath--->定位值://ul[@class="caseImg"]/li[2]/div[2]/ul/li[1]//div/div/div
2018-09-30 15:59:27,210 find_element.py--> get_element 20: INFO ----->定位方式:xpath--->定位值://ul[@class="caseImg"]/li[2]/div[2]/ul/li[2]//div/div/div
2018-09-30 15:59:30,250 find_element.py--> get_element 20: INFO ----->定位方式:xpath--->定位值://ul[@class="caseImg"]/li[2]/div[2]/ul/li[3]//div/div/div
2018-09-30 15:59:33,556 find_element.py--> get_element 20: INFO ----->定位方式:xpath--->定位值://ul[@class="caseImg"]/li[2]/div[2]/ul/li[4]//div/div/div
2018-09-30 15:59:36,916 find_element.py--> get_element 20: INFO ----->定位方式:xpath--->定位值://ul[@class="caseImg"]/li[2]/div[2]/ul/li[5]//div/div/div
2018-09-30 15:59:40,316 find_element.py--> get_element 20: INFO ----->定位方式:xpath--->定位值://ul[@class="caseImg"]/li[3]//ul/li[1]//div/div/div
2018-09-30 15:59:43,644 find_element.py--> get_element 20: INFO ----->定位方式:xpath--->定位值://ul[@class="caseImg"]/li[3]//ul/li[2]//div/div/div
2018-09-30 15:59:49,958 find_element.py--> get_element 20: INFO ----->定位方式:xpath--->定位值://div[@class="button-box"]/button[3]
2018-09-30 15:59:52,072 find_element.py--> get_element 20: INFO ----->定位方式:xpath--->定位值://li[@class="prescription"]/ul/li[1]//textarea
2018-09-30 15:59:52,143 find_element.py--> get_element 20: INFO ----->定位方式:xpath--->定位值://li[@class="prescription"]/ul/li[2]//textarea
2018-09-30 15:59:52,192 find_element.py--> get_element 20: INFO ----->定位方式:xpath--->定位值://li[@class="prescription"]/ul/li[3]//textarea
2018-09-30 15:59:52,254 find_element.py--> get_element 20: INFO ----->定位方式:xpath--->定位值://li[@class="prescription"]/ul/li[4]//textarea
2018-09-30 15:59:52,307 find_element.py--> get_element 20: INFO ----->定位方式:xpath--->定位值://div[@class="tab-list"]/ul/li[3]/div[2]/button[2]
2018-09-30 15:59:55,373 find_element.py--> get_element 20: INFO ----->定位方式:xpath--->定位值://li[@class="submitCase-box"]/button
2018-09-30 16:52:44,860 find_element.py--> get_element 20: INFO ----->定位方式:xpath--->定位值://div[@class="login"]/div[2]/input
2018-09-30 16:52:44,943 find_element.py--> get_element 20: INFO ----->定位方式:xpath--->定位值://div[@class="login"]/div[3]/input
2018-09-30 16:52:45,015 find_element.py--> get_element 20: INFO ----->定位方式:xpath--->定位值://div[@class="login"]/div[5]
2018-09-30 16:52:48,079 find_element.py--> get_element 20: INFO ----->定位方式:xpath--->定位值://div[@class="current clear"]/ul/li[2]/span
2018-09-30 16:52:49,148 find_element.py--> get_element 20: INFO ----->定位方式:xpath--->定位值://div[@class="search"]/button[2]
2018-09-30 16:52:52,258 find_element.py--> get_element 20: INFO ----->定位方式:xpath--->定位值://ul[@class="addUser"]/li[1]/input
2018-09-30 16:52:52,746 find_element.py--> get_element 20: INFO ----->定位方式:xpath--->定位值://ul[@class="addUser"]/li[2]/div/span[2]
2018-09-30 16:52:52,843 find_element.py--> get_element 20: INFO ----->定位方式:xpath--->定位值://ul[@class="addUser"]/li[3]/div/input
2018-09-30 16:52:52,982 find_element.py--> get_element 20: INFO ----->定位方式:xpath--->定位值://ul[@class="addUser"]/li[4]/input
2018-09-30 16:52:53,095 find_element.py--> get_element 20: INFO ----->定位方式:xpath--->定位值://div[@id="info"]/following-sibling::div/button[2]
2018-09-30 16:52:56,167 find_element.py--> get_element 20: INFO ----->定位方式:xpath--->定位值://div[@class="tab-box"]/div[2]/ul/li/div[2]/img
2018-09-30 16:52:58,260 find_element.py--> get_element 20: INFO ----->定位方式:xpath--->定位值://li[@class="data-upload"]/div[1]/div[2]/ul[1]/li[2]
2018-09-30 16:52:58,341 find_element.py--> get_element 20: INFO ----->定位方式:xpath--->定位值://li[@class="data-upload"]/div[1]/div[2]/ul[2]/li[2]/input
2018-09-30 16:52:58,417 find_element.py--> get_element 20: INFO ----->定位方式:xpath--->定位值://ul[@class="caseImg"]/li[1]/div[2]/ul/li[1]//div/div/div
2018-09-30 16:53:01,150 find_element.py--> get_element 20: INFO ----->定位方式:xpath--->定位值://ul[@class="caseImg"]/li[1]/div[2]/ul/li[2]//div/div/div
2018-09-30 16:53:04,260 find_element.py--> get_element 20: INFO ----->定位方式:xpath--->定位值://ul[@class="caseImg"]/li[1]/div[2]/ul/li[3]//div/div/div
2018-09-30 16:53:07,298 find_element.py--> get_element 20: INFO ----->定位方式:xpath--->定位值://ul[@class="caseImg"]/li[1]/div[2]/ul/li[4]//div/div/div
2018-09-30 16:53:10,525 find_element.py--> get_element 20: INFO ----->定位方式:xpath--->定位值://ul[@class="caseImg"]/li[2]/div[2]/ul/li[1]//div/div/div
2018-09-30 16:53:13,639 find_element.py--> get_element 20: INFO ----->定位方式:xpath--->定位值://ul[@class="caseImg"]/li[2]/div[2]/ul/li[2]//div/div/div
2018-09-30 16:53:16,836 find_element.py--> get_element 20: INFO ----->定位方式:xpath--->定位值://ul[@class="caseImg"]/li[2]/div[2]/ul/li[3]//div/div/div
2018-09-30 16:53:20,418 find_element.py--> get_element 20: INFO ----->定位方式:xpath--->定位值://ul[@class="caseImg"]/li[2]/div[2]/ul/li[4]//div/div/div
2018-09-30 16:53:23,529 find_element.py--> get_element 20: INFO ----->定位方式:xpath--->定位值://ul[@class="caseImg"]/li[2]/div[2]/ul/li[5]//div/div/div
2018-09-30 16:53:26,718 find_element.py--> get_element 20: INFO ----->定位方式:xpath--->定位值://ul[@class="caseImg"]/li[3]//ul/li[1]//div/div/div
2018-09-30 16:53:30,274 find_element.py--> get_element 20: INFO ----->定位方式:xpath--->定位值://ul[@class="caseImg"]/li[3]//ul/li[2]//div/div/div
2018-09-30 16:53:36,524 find_element.py--> get_element 20: INFO ----->定位方式:xpath--->定位值://div[@class="button-box"]/button[3]
2018-09-30 16:53:38,620 find_element.py--> get_element 20: INFO ----->定位方式:xpath--->定位值://li[@class="prescription"]/ul/li[1]//textarea
2018-09-30 16:53:38,735 find_element.py--> get_element 20: INFO ----->定位方式:xpath--->定位值://li[@class="prescription"]/ul/li[2]//textarea
2018-09-30 16:53:38,783 find_element.py--> get_element 20: INFO ----->定位方式:xpath--->定位值://li[@class="prescription"]/ul/li[3]//textarea
2018-09-30 16:53:38,841 find_element.py--> get_element 20: INFO ----->定位方式:xpath--->定位值://li[@class="prescription"]/ul/li[4]//textarea
2018-09-30 16:53:38,892 find_element.py--> get_element 20: INFO ----->定位方式:xpath--->定位值://div[@class="tab-list"]/ul/li[3]/div[2]/button[2]
2018-09-30 16:53:41,958 find_element.py--> get_element 20: INFO ----->定位方式:xpath--->定位值://li[@class="submitCase-box"]/button
2018-09-30 16:55:30,002 find_element.py--> get_element 20: INFO ----->定位方式:xpath--->定位值://div[@class="login"]/div[2]/input
2018-09-30 16:55:30,120 find_element.py--> get_element 20: INFO ----->定位方式:xpath--->定位值://div[@class="login"]/div[3]/input
2018-09-30 16:55:30,210 find_element.py--> get_element 20: INFO ----->定位方式:xpath--->定位值://div[@class="login"]/div[5]
2018-09-30 16:55:33,279 find_element.py--> get_element 20: INFO ----->定位方式:xpath--->定位值://div[@class="current clear"]/ul/li[2]/span
2018-09-30 16:55:34,363 find_element.py--> get_element 20: INFO ----->定位方式:xpath--->定位值://div[@class="search"]/button[2]
2018-09-30 16:55:37,546 find_element.py--> get_element 20: INFO ----->定位方式:xpath--->定位值://ul[@class="addUser"]/li[1]/input
2018-09-30 16:55:37,681 find_element.py--> get_element 20: INFO ----->定位方式:xpath--->定位值://ul[@class="addUser"]/li[2]/div/span[2]
2018-09-30 16:55:37,767 find_element.py--> get_element 20: INFO ----->定位方式:xpath--->定位值://ul[@class="addUser"]/li[3]/div/input
2018-09-30 16:55:37,910 find_element.py--> get_element 20: INFO ----->定位方式:xpath--->定位值://ul[@class="addUser"]/li[4]/input
2018-09-30 16:55:38,072 find_element.py--> get_element 20: INFO ----->定位方式:xpath--->定位值://div[@id="info"]/following-sibling::div/button[2]
2018-09-30 16:55:41,148 find_element.py--> get_element 20: INFO ----->定位方式:xpath--->定位值://div[@class="tab-box"]/div[2]/ul/li/div[2]/img
2018-09-30 16:55:43,240 find_element.py--> get_element 20: INFO ----->定位方式:xpath--->定位值://li[@class="data-upload"]/div[1]/div[2]/ul[1]/li[2]
2018-09-30 16:55:43,332 find_element.py--> get_element 20: INFO ----->定位方式:xpath--->定位值://li[@class="data-upload"]/div[1]/div[2]/ul[2]/li[2]/input
2018-09-30 16:55:43,454 find_element.py--> get_element 20: INFO ----->定位方式:xpath--->定位值://ul[@class="caseImg"]/li[1]/div[2]/ul/li[1]//div/div/div
2018-09-30 16:55:46,387 find_element.py--> get_element 20: INFO ----->定位方式:xpath--->定位值://ul[@class="caseImg"]/li[1]/div[2]/ul/li[2]//div/div/div
2018-09-30 16:55:49,537 find_element.py--> get_element 20: INFO ----->定位方式:xpath--->定位值://ul[@class="caseImg"]/li[1]/div[2]/ul/li[3]//div/div/div
2018-09-30 16:55:52,557 find_element.py--> get_element 20: INFO ----->定位方式:xpath--->定位值://ul[@class="caseImg"]/li[1]/div[2]/ul/li[4]//div/div/div
2018-09-30 16:55:55,568 find_element.py--> get_element 20: INFO ----->定位方式:xpath--->定位值://ul[@class="caseImg"]/li[2]/div[2]/ul/li[1]//div/div/div
2018-09-30 16:55:58,623 find_element.py--> get_element 20: INFO ----->定位方式:xpath--->定位值://ul[@class="caseImg"]/li[2]/div[2]/ul/li[2]//div/div/div
2018-09-30 16:56:01,673 find_element.py--> get_element 20: INFO ----->定位方式:xpath--->定位值://ul[@class="caseImg"]/li[2]/div[2]/ul/li[3]//div/div/div
2018-09-30 16:56:04,710 find_element.py--> get_element 20: INFO ----->定位方式:xpath--->定位值://ul[@class="caseImg"]/li[2]/div[2]/ul/li[4]//div/div/div
2018-09-30 16:56:07,715 find_element.py--> get_element 20: INFO ----->定位方式:xpath--->定位值://ul[@class="caseImg"]/li[2]/div[2]/ul/li[5]//div/div/div
2018-09-30 16:56:10,947 find_element.py--> get_element 20: INFO ----->定位方式:xpath--->定位值://ul[@class="caseImg"]/li[3]//ul/li[1]//div/div/div
2018-09-30 16:56:14,077 find_element.py--> get_element 20: INFO ----->定位方式:xpath--->定位值://ul[@class="caseImg"]/li[3]//ul/li[2]//div/div/div
2018-09-30 16:56:20,145 find_element.py--> get_element 20: INFO ----->定位方式:xpath--->定位值://div[@class="button-box"]/button[3]
2018-09-30 16:56:22,211 find_element.py--> get_element 20: INFO ----->定位方式:xpath--->定位值://li[@class="prescription"]/ul/li[1]//textarea
2018-09-30 16:56:22,275 find_element.py--> get_element 20: INFO ----->定位方式:xpath--->定位值://li[@class="prescription"]/ul/li[2]//textarea
2018-09-30 16:56:22,328 find_element.py--> get_element 20: INFO ----->定位方式:xpath--->定位值://li[@class="prescription"]/ul/li[3]//textarea
2018-09-30 16:56:22,389 find_element.py--> get_element 20: INFO ----->定位方式:xpath--->定位值://li[@class="prescription"]/ul/li[4]//textarea
2018-09-30 16:56:22,441 find_element.py--> get_element 20: INFO ----->定位方式:xpath--->定位值://div[@class="tab-list"]/ul/li[3]/div[2]/button[2]
2018-09-30 16:56:25,502 find_element.py--> get_element 20: INFO ----->定位方式:xpath--->定位值://li[@class="submitCase-box"]/button
2018-09-30 17:27:25,633 find_element.py--> get_element 20: INFO ----->定位方式:xpath--->定位值://input[@type="text"]
2018-09-30 17:28:39,548 find_element.py--> get_element 20: INFO ----->定位方式:xpath--->定位值://input[@type="text"]
2018-09-30 17:29:21,870 find_element.py--> get_element 20: INFO ----->定位方式:xpath--->定位值://input[@type="text"]
2018-09-30 17:29:21,942 find_element.py--> get_element 20: INFO ----->定位方式:xpath--->定位值://input[@type="password"]
2018-09-30 17:29:22,016 find_element.py--> get_element 20: INFO ----->定位方式:xpath--->定位值://div[@class="operation"]/following-sibling::button
2018-09-30 17:29:26,163 find_element.py--> get_element 20: INFO ----->定位方式:xpath--->定位值://div[@class="nav_box nav"]/ul/li[2]/div
2018-09-30 17:29:29,257 find_element.py--> get_element 20: INFO ----->定位方式:xpath--->定位值://div[@class="nav_box nav"]/ul/li[2]//li[1]
2018-09-30 17:29:33,393 find_element.py--> get_element 20: INFO ----->定位方式:xpath--->定位值://tbody/tr[3]/td[1]/div
2018-09-30 17:29:36,587 find_element.py--> get_element 20: INFO ----->定位方式:xpath--->定位值://ul[@class="model_list"]/li[1]/label[1]/input
2018-09-30 17:29:36,720 find_element.py--> get_element 20: INFO ----->定位方式:xpath--->定位值://ul[@class="model_list"]/li[1]/label[2]/input
2018-09-30 17:29:36,786 find_element.py--> get_element 20: INFO ----->定位方式:xpath--->定位值://ul[@class="model_list"]/li[1]/input
2018-09-30 17:29:36,955 find_element.py--> get_element 20: INFO ----->定位方式:xpath--->定位值://ul[@class="img_list clear"]//li[1]/div
2018-09-30 17:29:39,967 find_element.py--> get_element 20: INFO ----->定位方式:xpath--->定位值://ul[@class="img_list clear"]//li[2]/div
2018-09-30 17:29:46,030 find_element.py--> get_element 20: INFO ----->定位方式:xpath--->定位值://div[@class="logisticsInfo"]/following-sibling::button/span
2018-09-30 17:29:59,809 find_element.py--> get_element 20: INFO ----->定位方式:xpath--->定位值://div[@class="help clear"]/div[2]/a[1]
2018-09-30 17:30:03,050 find_element.py--> get_element 20: INFO ----->定位方式:xpath--->定位值://div[@class="doc_regContainer"]/div[2]/input
2018-09-30 17:30:03,183 find_element.py--> get_element 20: INFO ----->定位方式:xpath--->定位值://div[@class="doc_regContainer"]/div[3]/input
2018-09-30 17:30:03,347 find_element.py--> get_element 20: INFO ----->定位方式:xpath--->定位值://div[@class="doc_regContainer"]/div[4]/input
2018-09-30 17:30:03,488 find_element.py--> get_element 20: INFO ----->定位方式:xpath--->定位值://div[@class="doc_regContainer"]/div[5]/input
2018-09-30 17:30:03,637 find_element.py--> get_element 20: INFO ----->定位方式:xpath--->定位值://div[@class="rowSelect"]/div[1]//input
2018-09-30 17:30:05,723 find_element.py--> get_element 20: INFO ----->定位方式:xpath--->定位值://body/div[last()]//div/ul//li[3]
2018-09-30 17:30:05,886 find_element.py--> get_element 20: INFO ----->定位方式:xpath--->定位值://div[@class="rowSelect"]/div[2]//input
2018-09-30 17:30:06,961 find_element.py--> get_element 20: INFO ----->定位方式:xpath--->定位值://body/div[last()]//div/ul//li[3]
2018-09-30 17:30:07,092 find_element.py--> get_element 20: INFO ----->定位方式:xpath--->定位值://div[@class="rowSelect"]/div[3]//input
2018-09-30 17:30:08,162 find_element.py--> get_element 20: INFO ----->定位方式:xpath--->定位值://body/div[last()]//div/ul//li[3]
2018-09-30 17:30:09,289 find_element.py--> get_element 20: INFO ----->定位方式:xpath--->定位值://div[@class="doc_regContainer"]/div[7]//input
2018-09-30 17:30:10,443 find_element.py--> get_element 20: INFO ----->定位方式:xpath--->定位值://div[@class="doc_regContainer"]/div[8]//input
2018-09-30 17:30:11,549 find_element.py--> get_element 20: INFO ----->定位方式:xpath--->定位值://body/div[last()]//div//li[1]
2018-09-30 17:30:11,675 find_element.py--> get_element 20: INFO ----->定位方式:xpath--->定位值://div[@class="doc_regContainer"]/div[9]//input
2018-09-30 17:30:11,824 find_element.py--> get_element 20: INFO ----->定位方式:xpath--->定位值://div[@class="doc_regContainer"]/div[10]//input
2018-09-30 17:30:12,911 find_element.py--> get_element 20: INFO ----->定位方式:xpath--->定位值://body/div[last()]//div//li[1]
2018-09-30 17:30:13,053 find_element.py--> get_element 20: INFO ----->定位方式:xpath--->定位值://*[@id="app"]/div/div[3]/div[11]/div/div
2018-09-30 17:31:15,931 find_element.py--> get_element 20: INFO ----->定位方式:xpath--->定位值://input[@type="text"]
2018-09-30 17:31:16,054 find_element.py--> get_element 20: INFO ----->定位方式:xpath--->定位值://input[@type="password"]
2018-09-30 17:31:16,135 find_element.py--> get_element 20: INFO ----->定位方式:xpath--->定位值://div[@class="operation"]/following-sibling::button
2018-09-30 17:31:20,258 find_element.py--> get_element 20: INFO ----->定位方式:xpath--->定位值://div[@class="nav_box nav"]/ul/li[2]/div
2018-09-30 17:31:23,399 find_element.py--> get_element 20: INFO ----->定位方式:xpath--->定位值://div[@class="nav_box nav"]/ul/li[2]//li[1]
2018-09-30 17:31:27,597 find_element.py--> get_element 20: INFO ----->定位方式:xpath--->定位值://tbody/tr[3]/td[1]/div
2018-09-30 17:31:30,786 find_element.py--> get_element 20: INFO ----->定位方式:xpath--->定位值://ul[@class="model_list"]/li[1]/label[1]/input
2018-09-30 17:31:30,947 find_element.py--> get_element 20: INFO ----->定位方式:xpath--->定位值://ul[@class="model_list"]/li[1]/label[2]/input
2018-09-30 17:31:31,027 find_element.py--> get_element 20: INFO ----->定位方式:xpath--->定位值://ul[@class="model_list"]/li[1]/input
2018-09-30 17:31:31,197 find_element.py--> get_element 20: INFO ----->定位方式:xpath--->定位值://ul[@class="img_list clear"]//li[1]/div
2018-09-30 17:31:34,093 find_element.py--> get_element 20: INFO ----->定位方式:xpath--->定位值://ul[@class="img_list clear"]//li[2]/div
2018-09-30 17:31:40,167 find_element.py--> get_element 20: INFO ----->定位方式:xpath--->定位值://div[@class="logisticsInfo"]/following-sibling::button/span
2018-09-30 17:31:55,154 find_element.py--> get_element 20: INFO ----->定位方式:xpath--->定位值://div[@class="login"]/div[2]/input
2018-09-30 17:31:55,298 find_element.py--> get_element 20: INFO ----->定位方式:xpath--->定位值://div[@class="login"]/div[3]/input
2018-09-30 17:31:55,390 find_element.py--> get_element 20: INFO ----->定位方式:xpath--->定位值://div[@class="login"]/div[5]
2018-09-30 17:31:58,467 find_element.py--> get_element 20: INFO ----->定位方式:xpath--->定位值://div[@class="current clear"]/ul/li[2]/span
2018-09-30 17:31:59,567 find_element.py--> get_element 20: INFO ----->定位方式:xpath--->定位值://div[@class="search"]/button[2]
2018-09-30 17:32:02,699 find_element.py--> get_element 20: INFO ----->定位方式:xpath--->定位值://ul[@class="addUser"]/li[1]/input
2018-09-30 17:32:02,814 find_element.py--> get_element 20: INFO ----->定位方式:xpath--->定位值://ul[@class="addUser"]/li[2]/div/span[2]
2018-09-30 17:32:02,900 find_element.py--> get_element 20: INFO ----->定位方式:xpath--->定位值://ul[@class="addUser"]/li[3]/div/input
2018-09-30 17:32:03,039 find_element.py--> get_element 20: INFO ----->定位方式:xpath--->定位值://ul[@class="addUser"]/li[4]/input
2018-09-30 17:32:03,181 find_element.py--> get_element 20: INFO ----->定位方式:xpath--->定位值://div[@id="info"]/following-sibling::div/button[2]
2018-09-30 17:32:06,252 find_element.py--> get_element 20: INFO ----->定位方式:xpath--->定位值://div[@class="tab-box"]/div[2]/ul/li/div[2]/img
2018-09-30 17:32:08,338 find_element.py--> get_element 20: INFO ----->定位方式:xpath--->定位值://li[@class="data-upload"]/div[1]/div[2]/ul[1]/li[2]
2018-09-30 17:32:08,416 find_element.py--> get_element 20: INFO ----->定位方式:xpath--->定位值://li[@class="data-upload"]/div[1]/div[2]/ul[2]/li[2]/input
2018-09-30 17:32:08,525 find_element.py--> get_element 20: INFO ----->定位方式:xpath--->定位值://ul[@class="caseImg"]/li[1]/div[2]/ul/li[1]//div/div/div
2018-09-30 17:32:11,415 find_element.py--> get_element 20: INFO ----->定位方式:xpath--->定位值://ul[@class="caseImg"]/li[1]/div[2]/ul/li[2]//div/div/div
2018-09-30 17:32:14,519 find_element.py--> get_element 20: INFO ----->定位方式:xpath--->定位值://ul[@class="caseImg"]/li[1]/div[2]/ul/li[3]//div/div/div
2018-09-30 17:32:17,552 find_element.py--> get_element 20: INFO ----->定位方式:xpath--->定位值://ul[@class="caseImg"]/li[1]/div[2]/ul/li[4]//div/div/div
2018-09-30 17:32:20,563 find_element.py--> get_element 20: INFO ----->定位方式:xpath--->定位值://ul[@class="caseImg"]/li[2]/div[2]/ul/li[1]//div/div/div
2018-09-30 17:32:23,642 find_element.py--> get_element 20: INFO ----->定位方式:xpath--->定位值://ul[@class="caseImg"]/li[2]/div[2]/ul/li[2]//div/div/div
2018-09-30 17:32:26,677 find_element.py--> get_element 20: INFO ----->定位方式:xpath--->定位值://ul[@class="caseImg"]/li[2]/div[2]/ul/li[3]//div/div/div
2018-09-30 17:32:29,727 find_element.py--> get_element 20: INFO ----->定位方式:xpath--->定位值://ul[@class="caseImg"]/li[2]/div[2]/ul/li[4]//div/div/div
2018-09-30 17:32:32,729 find_element.py--> get_element 20: INFO ----->定位方式:xpath--->定位值://ul[@class="caseImg"]/li[2]/div[2]/ul/li[5]//div/div/div
2018-09-30 17:32:35,879 find_element.py--> get_element 20: INFO ----->定位方式:xpath--->定位值://ul[@class="caseImg"]/li[3]//ul/li[1]//div/div/div
2018-09-30 17:32:39,044 find_element.py--> get_element 20: INFO ----->定位方式:xpath--->定位值://ul[@class="caseImg"]/li[3]//ul/li[2]//div/div/div
2018-09-30 17:32:45,165 find_element.py--> get_element 20: INFO ----->定位方式:xpath--->定位值://div[@class="button-box"]/button[3]
2018-09-30 17:32:47,235 find_element.py--> get_element 20: INFO ----->定位方式:xpath--->定位值://li[@class="prescription"]/ul/li[1]//textarea
2018-09-30 17:32:47,345 find_element.py--> get_element 20: INFO ----->定位方式:xpath--->定位值://li[@class="prescription"]/ul/li[2]//textarea
2018-09-30 17:32:47,396 find_element.py--> get_element 20: INFO ----->定位方式:xpath--->定位值://li[@class="prescription"]/ul/li[3]//textarea
2018-09-30 17:32:47,449 find_element.py--> get_element 20: INFO ----->定位方式:xpath--->定位值://li[@class="prescription"]/ul/li[4]//textarea
2018-09-30 17:32:47,498 find_element.py--> get_element 20: INFO ----->定位方式:xpath--->定位值://div[@class="tab-list"]/ul/li[3]/div[2]/button[2]
2018-09-30 17:32:50,573 find_element.py--> get_element 20: INFO ----->定位方式:xpath--->定位值://li[@class="submitCase-box"]/button
