2018-10-08 09:27:59,871 find_element.py--> get_element 20: INFO ----->定位方式:xpath--->定位值://input[@type="text"]
2018-10-08 09:27:59,955 find_element.py--> get_element 20: INFO ----->定位方式:xpath--->定位值://input[@type="password"]
2018-10-08 09:28:00,028 find_element.py--> get_element 20: INFO ----->定位方式:xpath--->定位值://div[@class="operation"]/following-sibling::button
2018-10-08 09:28:04,146 find_element.py--> get_element 20: INFO ----->定位方式:xpath--->定位值://div[@class="nav_box nav"]/ul/li[2]/div
2018-10-08 09:28:07,217 find_element.py--> get_element 20: INFO ----->定位方式:xpath--->定位值://div[@class="nav_box nav"]/ul/li[2]//li[1]
2018-10-08 09:28:11,330 find_element.py--> get_element 20: INFO ----->定位方式:xpath--->定位值://tbody/tr[3]/td[1]/div
2018-10-08 09:28:14,557 find_element.py--> get_element 20: INFO ----->定位方式:xpath--->定位值://ul[@class="model_list"]/li[1]/label[1]/input
2018-10-08 09:28:14,679 find_element.py--> get_element 20: INFO ----->定位方式:xpath--->定位值://ul[@class="model_list"]/li[1]/label[2]/input
2018-10-08 09:28:14,746 find_element.py--> get_element 20: INFO ----->定位方式:xpath--->定位值://ul[@class="model_list"]/li[1]/input
2018-10-08 09:28:14,893 find_element.py--> get_element 20: INFO ----->定位方式:xpath--->定位值://ul[@class="img_list clear"]//li[1]/div
2018-10-08 09:28:17,831 find_element.py--> get_element 20: INFO ----->定位方式:xpath--->定位值://ul[@class="img_list clear"]//li[2]/div
2018-10-08 09:28:23,706 find_element.py--> get_element 20: INFO ----->定位方式:xpath--->定位值://div[@class="logisticsInfo"]/following-sibling::button/span
2018-10-08 09:28:39,156 find_element.py--> get_element 20: INFO ----->定位方式:xpath--->定位值://div[@class="login"]/div[2]/input
2018-10-08 09:28:39,274 find_element.py--> get_element 20: INFO ----->定位方式:xpath--->定位值://div[@class="login"]/div[3]/input
2018-10-08 09:28:39,363 find_element.py--> get_element 20: INFO ----->定位方式:xpath--->定位值://div[@class="login"]/div[5]
2018-10-08 09:28:42,427 find_element.py--> get_element 20: INFO ----->定位方式:xpath--->定位值://div[@class="current clear"]/ul/li[2]/span
2018-10-08 09:28:43,521 find_element.py--> get_element 20: INFO ----->定位方式:xpath--->定位值://div[@class="search"]/button[2]
2018-10-08 09:28:46,645 find_element.py--> get_element 20: INFO ----->定位方式:xpath--->定位值://ul[@class="addUser"]/li[1]/input
2018-10-08 09:28:46,761 find_element.py--> get_element 20: INFO ----->定位方式:xpath--->定位值://ul[@class="addUser"]/li[2]/div/span[2]
2018-10-08 09:28:46,834 find_element.py--> get_element 20: INFO ----->定位方式:xpath--->定位值://ul[@class="addUser"]/li[3]/div/input
2018-10-08 09:28:47,008 find_element.py--> get_element 20: INFO ----->定位方式:xpath--->定位值://ul[@class="addUser"]/li[4]/input
2018-10-08 09:28:47,165 find_element.py--> get_element 20: INFO ----->定位方式:xpath--->定位值://div[@id="info"]/following-sibling::div/button[2]
2018-10-08 09:29:47,582 find_element.py--> get_element 20: INFO ----->定位方式:xpath--->定位值://input[@type="text"]
2018-10-08 09:29:47,676 find_element.py--> get_element 20: INFO ----->定位方式:xpath--->定位值://input[@type="password"]
2018-10-08 09:29:47,751 find_element.py--> get_element 20: INFO ----->定位方式:xpath--->定位值://div[@class="operation"]/following-sibling::button
2018-10-08 09:29:51,931 find_element.py--> get_element 20: INFO ----->定位方式:xpath--->定位值://div[@class="nav_box nav"]/ul/li[2]/div
2018-10-08 09:29:54,992 find_element.py--> get_element 20: INFO ----->定位方式:xpath--->定位值://div[@class="nav_box nav"]/ul/li[2]//li[1]
2018-10-08 09:29:59,075 find_element.py--> get_element 20: INFO ----->定位方式:xpath--->定位值://tbody/tr[3]/td[1]/div
2018-10-08 09:30:02,232 find_element.py--> get_element 20: INFO ----->定位方式:xpath--->定位值://ul[@class="model_list"]/li[1]/label[1]/input
2018-10-08 09:30:02,308 find_element.py--> get_element 20: INFO ----->定位方式:xpath--->定位值://ul[@class="model_list"]/li[1]/label[2]/input
2018-10-08 09:30:02,389 find_element.py--> get_element 20: INFO ----->定位方式:xpath--->定位值://ul[@class="model_list"]/li[1]/input
2018-10-08 09:30:02,580 find_element.py--> get_element 20: INFO ----->定位方式:xpath--->定位值://ul[@class="img_list clear"]//li[1]/div
2018-10-08 09:30:05,370 find_element.py--> get_element 20: INFO ----->定位方式:xpath--->定位值://ul[@class="img_list clear"]//li[2]/div
2018-10-08 09:30:11,237 find_element.py--> get_element 20: INFO ----->定位方式:xpath--->定位值://div[@class="logisticsInfo"]/following-sibling::button/span
2018-10-08 09:30:26,148 find_element.py--> get_element 20: INFO ----->定位方式:xpath--->定位值://div[@class="login"]/div[2]/input
2018-10-08 09:30:26,355 find_element.py--> get_element 20: INFO ----->定位方式:xpath--->定位值://div[@class="login"]/div[3]/input
2018-10-08 09:30:26,447 find_element.py--> get_element 20: INFO ----->定位方式:xpath--->定位值://div[@class="login"]/div[5]
2018-10-08 09:30:29,511 find_element.py--> get_element 20: INFO ----->定位方式:xpath--->定位值://div[@class="current clear"]/ul/li[2]/span
2018-10-08 09:30:30,625 find_element.py--> get_element 20: INFO ----->定位方式:xpath--->定位值://div[@class="search"]/button[2]
2018-10-08 09:30:33,749 find_element.py--> get_element 20: INFO ----->定位方式:xpath--->定位值://ul[@class="addUser"]/li[1]/input
2018-10-08 09:30:33,835 find_element.py--> get_element 20: INFO ----->定位方式:xpath--->定位值://ul[@class="addUser"]/li[2]/div/span[2]
2018-10-08 09:30:33,966 find_element.py--> get_element 20: INFO ----->定位方式:xpath--->定位值://ul[@class="addUser"]/li[3]/div/input
2018-10-08 09:30:34,212 find_element.py--> get_element 20: INFO ----->定位方式:xpath--->定位值://ul[@class="addUser"]/li[4]/input
2018-10-08 09:30:34,358 find_element.py--> get_element 20: INFO ----->定位方式:xpath--->定位值://div[@id="info"]/following-sibling::div/button[2]
2018-10-08 09:30:37,440 find_element.py--> get_element 20: INFO ----->定位方式:xpath--->定位值://div[@class="tab-box"]/div[2]/ul/li/div[2]/img
2018-10-08 09:30:39,490 find_element.py--> get_element 20: INFO ----->定位方式:xpath--->定位值://li[@class="data-upload"]/div[1]/div[2]/ul[1]/li[2]
2018-10-08 09:30:39,548 find_element.py--> get_element 20: INFO ----->定位方式:xpath--->定位值://li[@class="data-upload"]/div[1]/div[2]/ul[2]/li[2]/input
2018-10-08 09:30:39,643 find_element.py--> get_element 20: INFO ----->定位方式:xpath--->定位值://ul[@class="caseImg"]/li[1]/div[2]/ul/li[1]//div/div/div
2018-10-08 09:30:42,448 find_element.py--> get_element 20: INFO ----->定位方式:xpath--->定位值://ul[@class="caseImg"]/li[1]/div[2]/ul/li[2]//div/div/div
2018-10-08 09:30:45,420 find_element.py--> get_element 20: INFO ----->定位方式:xpath--->定位值://ul[@class="caseImg"]/li[1]/div[2]/ul/li[3]//div/div/div
2018-10-08 09:30:48,353 find_element.py--> get_element 20: INFO ----->定位方式:xpath--->定位值://ul[@class="caseImg"]/li[1]/div[2]/ul/li[4]//div/div/div
2018-10-08 09:30:51,285 find_element.py--> get_element 20: INFO ----->定位方式:xpath--->定位值://ul[@class="caseImg"]/li[2]/div[2]/ul/li[1]//div/div/div
2018-10-08 09:30:54,254 find_element.py--> get_element 20: INFO ----->定位方式:xpath--->定位值://ul[@class="caseImg"]/li[2]/div[2]/ul/li[2]//div/div/div
2018-10-08 09:30:57,283 find_element.py--> get_element 20: INFO ----->定位方式:xpath--->定位值://ul[@class="caseImg"]/li[2]/div[2]/ul/li[3]//div/div/div
2018-10-08 09:31:00,247 find_element.py--> get_element 20: INFO ----->定位方式:xpath--->定位值://ul[@class="caseImg"]/li[2]/div[2]/ul/li[4]//div/div/div
2018-10-08 09:31:03,225 find_element.py--> get_element 20: INFO ----->定位方式:xpath--->定位值://ul[@class="caseImg"]/li[2]/div[2]/ul/li[5]//div/div/div
2018-10-08 09:31:06,248 find_element.py--> get_element 20: INFO ----->定位方式:xpath--->定位值://ul[@class="caseImg"]/li[3]//ul/li[1]//div/div/div
2018-10-08 09:31:09,335 find_element.py--> get_element 20: INFO ----->定位方式:xpath--->定位值://ul[@class="caseImg"]/li[3]//ul/li[2]//div/div/div
2018-10-08 09:31:15,390 find_element.py--> get_element 20: INFO ----->定位方式:xpath--->定位值://div[@class="button-box"]/button[3]
2018-10-08 09:31:17,472 find_element.py--> get_element 20: INFO ----->定位方式:xpath--->定位值://li[@class="prescription"]/ul/li[1]//textarea
2018-10-08 09:31:17,555 find_element.py--> get_element 20: INFO ----->定位方式:xpath--->定位值://li[@class="prescription"]/ul/li[2]//textarea
2018-10-08 09:31:17,606 find_element.py--> get_element 20: INFO ----->定位方式:xpath--->定位值://li[@class="prescription"]/ul/li[3]//textarea
2018-10-08 09:31:17,665 find_element.py--> get_element 20: INFO ----->定位方式:xpath--->定位值://li[@class="prescription"]/ul/li[4]//textarea
2018-10-08 09:31:17,721 find_element.py--> get_element 20: INFO ----->定位方式:xpath--->定位值://div[@class="tab-list"]/ul/li[3]/div[2]/button[2]
2018-10-08 09:31:20,780 find_element.py--> get_element 20: INFO ----->定位方式:xpath--->定位值://li[@class="submitCase-box"]/button
